TN:
SF:node_modules\.vite\deps\chunk-NEAGQJHQ.js
FNF:0
FNH:0
DA:1,3
DA:2,3
DA:3,3
DA:4,3
DA:5,3
DA:6,3
DA:7,3
DA:8,3
DA:9,3
DA:10,3
DA:11,3
DA:12,3
DA:13,3
DA:14,3
DA:15,3
DA:16,3
DA:17,3
DA:18,3
DA:19,3
DA:20,3
DA:21,3
DA:22,3
DA:23,3
DA:24,3
LF:24
LH:24
BRF:0
BRH:0
end_of_record
TN:
SF:node_modules\.vite\deps\lit.js
FNF:0
FNH:0
DA:1,3
DA:2,3
DA:3,3
DA:4,3
DA:5,3
DA:6,3
DA:7,3
DA:8,3
DA:9,3
DA:10,3
DA:11,3
DA:12,3
DA:13,3
DA:14,3
DA:15,3
DA:16,3
DA:17,3
DA:18,3
DA:19,3
DA:20,3
DA:21,3
DA:22,3
DA:23,3
DA:24,3
DA:25,3
DA:26,3
DA:27,3
DA:28,3
DA:29,3
DA:30,3
DA:31,3
DA:32,3
DA:33,3
DA:34,3
DA:35,3
DA:36,3
DA:37,3
DA:38,3
DA:39,3
DA:40,3
DA:41,3
DA:42,3
DA:43,3
DA:44,3
DA:45,3
DA:46,3
LF:46
LH:46
BRF:0
BRH:0
end_of_record
TN:
SF:node_modules\@esm-bundle\chai\input.js
FNF:0
FNH:0
DA:1,3
DA:2,3
DA:3,3
DA:4,3
DA:5,3
DA:6,3
DA:7,3
DA:8,3
DA:9,3
DA:10,3
DA:11,3
DA:12,3
DA:13,3
DA:14,3
LF:14
LH:14
BRF:0
BRH:0
end_of_record
TN:
SF:node_modules\@esm-bundle\chai\node_modules\.pnpm\chai@4.3.4\node_modules\chai\chai.js
FN:1,e2
FN:1,i2
FN:1,n.exports.1../lib/chai
FN:4,n.exports.2../chai/assertion
FN:41,n2.use
FN:98,n.exports.3../config
FN:108,t2.exports
FN:160,i2
FN:170,get
FN:174,set
FN:181,get
FN:185,set
FN:191,i2.addProperty
FN:195,i2.addMethod
FN:199,i2.addChainableMethod
FN:203,i2.overwriteProperty
FN:207,i2.overwriteMethod
FN:211,i2.overwriteChainableMethod
FN:230,i2.assert
FN:266,get
FN:269,set
FN:275,n.exports.4
FN:371,n.exports.5
FN:379,t2.exports
FN:672,i2
FN:835,s2
FN:839,a2
FN:843,c2
FN:1206,u2
FN:1342,f2
FN:1400,p2
FN:1465,l2
FN:1523,h2
FN:1628,d
FN:1732,y
FN:1837,b
FN:2038,g
FN:2187,w
FN:2276,m
FN:2403,v
FN:2491,x
FN:2495,O
FN:2554,j
FN:2710,M
FN:3004,P
FN:3199,N
FN:3279,E
FN:3333,S
FN:3361,k
FN:3532,A
FN:3667,D
FN:3784,T
FN:3903,q
FN:4009,C
FN:4226,n.exports.6
FN:4233,t2.exports
FN:4260,e3.assert
FN:4291,r2.fail
FN:4323,r2.isOk
FN:4343,r2.isNotOk
FN:4362,r2.equal
FN:4390,r2.notEqual
FN:4418,r2.strictEqual
FN:4437,r2.notStrictEqual
FN:4457,r2.deepEqual.r2.deepStrictEqual
FN:4476,r2.notDeepEqual
FN:4495,r2.isAbove
FN:4515,r2.isAtLeast
FN:4534,r2.isBelow
FN:4554,r2.isAtMost
FN:4573,r2.isTrue
FN:4592,r2.isNotTrue
FN:4611,r2.isFalse
FN:4630,r2.isNotFalse
FN:4648,r2.isNull
FN:4667,r2.isNotNull
FN:4685,r2.isNaN
FN:4702,r2.isNotNaN
FN:4722,r2.exists
FN:4744,r2.notExists
FN:4763,r2.isUndefined
FN:4782,r2.isDefined
FN:4801,r2.isFunction
FN:4820,r2.isNotFunction
FN:4840,r2.isObject
FN:4860,r2.isNotObject
FN:4879,r2.isArray
FN:4898,r2.isNotArray
FN:4917,r2.isString
FN:4936,r2.isNotString
FN:4955,r2.isNumber
FN:4974,r2.isNotNumber
FN:4995,r2.isFinite
FN:5017,r2.isBoolean
FN:5039,r2.isNotBoolean
FN:5064,r2.typeOf
FN:5084,r2.notTypeOf
FN:5106,r2.instanceOf
FN:5128,r2.notInstanceOf
FN:5164,r2.include
FN:5200,r2.notInclude
FN:5225,r2.deepInclude
FN:5250,r2.notDeepInclude
FN:5275,r2.nestedInclude
FN:5300,r2.notNestedInclude
FN:5326,r2.deepNestedInclude
FN:5352,r2.notDeepNestedInclude
FN:5374,r2.ownInclude
FN:5397,r2.notOwnInclude
FN:5418,r2.deepOwnInclude
FN:5440,r2.notDeepOwnInclude
FN:5460,r2.match
FN:5479,r2.notMatch
FN:5500,r2.property
FN:5520,r2.notProperty
FN:5543,r2.propertyVal
FN:5567,r2.notPropertyVal
FN:5589,r2.deepPropertyVal
FN:5613,r2.notDeepPropertyVal
FN:5633,r2.ownProperty
FN:5654,r2.notOwnProperty
FN:5676,r2.ownPropertyVal
FN:5699,r2.notOwnPropertyVal
FN:5721,r2.deepOwnPropertyVal
FN:5746,r2.notDeepOwnPropertyVal
FN:5768,r2.nestedProperty
FN:5790,r2.notNestedProperty
FN:5813,r2.nestedPropertyVal
FN:5837,r2.notNestedPropertyVal
FN:5860,r2.deepNestedPropertyVal
FN:5885,r2.notDeepNestedPropertyVal
FN:5908,r2.lengthOf
FN:5932,r2.hasAnyKeys
FN:5956,r2.hasAllKeys
FN:5984,r2.containsAllKeys
FN:6009,r2.doesNotHaveAnyKeys
FN:6034,r2.doesNotHaveAllKeys
FN:6063,r2.hasAnyDeepKeys
FN:6090,r2.hasAllDeepKeys
FN:6117,r2.containsAllDeepKeys
FN:6144,r2.doesNotHaveAnyDeepKeys
FN:6171,r2.doesNotHaveAllDeepKeys
FN:6207,r2.throws
FN:6247,r2.doesNotThrow
FN:6274,r2.operator
FN:6332,r2.closeTo
FN:6352,r2.approximately
FN:6373,r2.sameMembers
FN:6394,r2.notSameMembers
FN:6415,r2.sameDeepMembers
FN:6436,r2.notSameDeepMembers
FN:6457,r2.sameOrderedMembers
FN:6478,r2.notSameOrderedMembers
FN:6499,r2.sameDeepOrderedMembers
FN:6521,r2.notSameDeepOrderedMembers
FN:6542,r2.includeMembers
FN:6563,r2.notIncludeMembers
FN:6584,r2.includeDeepMembers
FN:6605,r2.notIncludeDeepMembers
FN:6627,r2.includeOrderedMembers
FN:6650,r2.notIncludeOrderedMembers
FN:6672,r2.includeDeepOrderedMembers
FN:6696,r2.notIncludeDeepOrderedMembers
FN:6716,r2.oneOf
FN:6738,r2.changes
FN:6766,r2.changesBy
FN:6798,r2.doesNotChange
FN:6827,r2.changesButNotBy
FN:6859,r2.increases
FN:6888,r2.increasesBy
FN:6920,r2.doesNotIncrease
FN:6949,r2.increasesButNotBy
FN:6981,r2.decreases
FN:7010,r2.decreasesBy
FN:7042,r2.doesNotDecrease
FN:7071,r2.doesNotDecreaseBy
FN:7104,r2.decreasesButNotBy
FN:7134,r2.ifError
FN:7155,r2.isExtensible
FN:7180,r2.isNotExtensible
FN:7204,r2.isSealed
FN:7223,r2.isNotSealed
FN:7244,r2.isFrozen
FN:7263,r2.isNotFrozen
FN:7289,r2.isEmpty
FN:7315,r2.isNotEmpty
FN:7323,e4
FN:7341,n.exports.7
FN:7348,t2.exports
FN:7349,e3.expect
FN:7375,e3.expect.fail
FN:7390,n.exports.8
FN:7397,t2.exports
FN:7400,o2
FN:7611,n.exports.9.../../chai
FN:7637,u2
FN:7684,t2.exports
FN:7686,u3
FN:7701,get
FN:7765,n.exports.10
FN:7808,t2.exports
FN:7812,get
FN:7827,n.exports.11.../../chai
FN:7866,t2.exports
FN:7867,c2
FN:7897,n.exports.12.../../chai
FN:7935,t2.exports
FN:7936,n3
FN:7939,e4
FN:7971,n.exports.13../inspect
FN:8000,t2.exports
FN:8004,n.exports.14../flag
FN:8029,t2.exports
FN:8057,n.exports.15
FN:8083,t2.exports
FN:8092,n.exports.16
FN:8110,t2.exports
FN:8114,n.exports.17
FN:8134,t2.exports
FN:8142,n.exports.18../flag
FN:8176,t2.exports
FN:8194,n.exports.19../flag
FN:8199,i2
FN:8222,t2.exports
FN:8251,n.exports.20../getOwnEnumerablePropertySymbols
FN:8278,t2.exports
FN:8282,n.exports.21
FN:8303,t2.exports
FN:8311,n.exports.22
FN:8331,t2.exports
FN:8349,n.exports.23../addChainableMethod
FN:8528,n.exports.24.../config
FN:8554,a2
FN:8564,c2
FN:8576,u2
FN:8727,f2
FN:8759,p2
FN:8763,l2
FN:8783,h2
FN:8803,d
FN:8865,y
FN:8882,b
FN:8888,g
FN:8893,w
FN:8897,m
FN:8901,v
FN:8905,x
FN:8909,n.exports.25
FN:8928,o2
FN:8937,n.exports.26.../config
FN:8957,t2.exports
FN:8963,n.exports.27.../config
FN:8990,t2.exports
FN:9015,n.exports.28.../../chai
FN:9058,t2.exports
FN:9062,s2.chainingBehavior
FN:9074,s2.method
FN:9086,n.exports.29.../../chai
FN:9133,t2.exports
FN:9135,u2
FN:9142,f2
FN:9180,n.exports.30.../../chai
FN:9226,t2.exports
FN:9228,c2
FN:9234,e4
FN:9274,n.exports.31.../config
FN:9387,c2
FN:9307,t2.exports
FN:9311,e4
FN:9423,n.exports.32../flag
FN:9447,t2.exports
FN:9453,n.exports.33
FN:9483,t2.exports
FN:9500,n.exports.34
FN:9516,o2
FN:9555,r2
FN:9606,r2.toJSON
FN:9618,n.exports.35
FN:9649,o2
FN:9669,r2
FN:9695,i2
FN:9719,a2
FN:9745,c2
FN:9773,u2
FN:9792,n.exports.36.type-detect
FN:9802,r2
FN:9807,get
FN:9810,set
FN:9829,s2
FN:9852,a2
FN:9886,c2
FN:9907,u2
FN:9943,f2
FN:9989,p2
FN:10041,l2
FN:10054,h2
FN:10082,d
FN:10108,y
FN:10118,b
FN:10132,g
FN:10149,w
FN:10165,m
FN:10183,v
FN:10206,x
FN:10245,O
FN:10249,n.exports.37
FN:10273,i2
FN:10295,n.exports.38
FN:10342,o2
FN:10370,r2
FN:10409,i2
FN:10446,s2
FN:10500,a2
FN:10547,c2
FN:10585,u2
FN:10598,n.exports.39
FN:10643,x
FN:7704,n4
FNF:318
FNH:86
FNDA:3,e2
FNDA:261,i2
FNDA:3,n.exports.1../lib/chai
FNDA:3,n.exports.2../chai/assertion
FNDA:27,n2.use
FNDA:3,n.exports.3../config
FNDA:3,t2.exports
FNDA:64,i2
FNDA:0,get
FNDA:0,set
FNDA:0,get
FNDA:0,set
FNDA:138,i2.addProperty
FNDA:177,i2.addMethod
FNDA:27,i2.addChainableMethod
FNDA:12,i2.overwriteProperty
FNDA:12,i2.overwriteMethod
FNDA:6,i2.overwriteChainableMethod
FNDA:17,i2.assert
FNDA:8,get
FNDA:0,set
FNDA:3,n.exports.4
FNDA:3,n.exports.5
FNDA:3,t2.exports
FNDA:0,i2
FNDA:0,s2
FNDA:4,a2
FNDA:4,c2
FNDA:0,u2
FNDA:0,f2
FNDA:8,p2
FNDA:0,l2
FNDA:0,h2
FNDA:0,d
FNDA:0,y
FNDA:0,b
FNDA:3,g
FNDA:0,w
FNDA:0,m
FNDA:0,v
FNDA:0,x
FNDA:0,O
FNDA:0,j
FNDA:0,M
FNDA:0,P
FNDA:0,N
FNDA:0,E
FNDA:0,S
FNDA:0,k
FNDA:0,A
FNDA:0,D
FNDA:0,T
FNDA:0,q
FNDA:0,C
FNDA:3,n.exports.6
FNDA:3,t2.exports
FNDA:0,e3.assert
FNDA:0,r2.fail
FNDA:0,r2.isOk
FNDA:0,r2.isNotOk
FNDA:0,r2.equal
FNDA:0,r2.notEqual
FNDA:0,r2.strictEqual
FNDA:0,r2.notStrictEqual
FNDA:0,r2.deepEqual.r2.deepStrictEqual
FNDA:0,r2.notDeepEqual
FNDA:0,r2.isAbove
FNDA:0,r2.isAtLeast
FNDA:0,r2.isBelow
FNDA:0,r2.isAtMost
FNDA:0,r2.isTrue
FNDA:0,r2.isNotTrue
FNDA:0,r2.isFalse
FNDA:0,r2.isNotFalse
FNDA:0,r2.isNull
FNDA:0,r2.isNotNull
FNDA:0,r2.isNaN
FNDA:0,r2.isNotNaN
FNDA:0,r2.exists
FNDA:0,r2.notExists
FNDA:0,r2.isUndefined
FNDA:0,r2.isDefined
FNDA:0,r2.isFunction
FNDA:0,r2.isNotFunction
FNDA:0,r2.isObject
FNDA:0,r2.isNotObject
FNDA:0,r2.isArray
FNDA:0,r2.isNotArray
FNDA:0,r2.isString
FNDA:0,r2.isNotString
FNDA:0,r2.isNumber
FNDA:0,r2.isNotNumber
FNDA:0,r2.isFinite
FNDA:0,r2.isBoolean
FNDA:0,r2.isNotBoolean
FNDA:0,r2.typeOf
FNDA:0,r2.notTypeOf
FNDA:0,r2.instanceOf
FNDA:0,r2.notInstanceOf
FNDA:0,r2.include
FNDA:0,r2.notInclude
FNDA:0,r2.deepInclude
FNDA:0,r2.notDeepInclude
FNDA:0,r2.nestedInclude
FNDA:0,r2.notNestedInclude
FNDA:0,r2.deepNestedInclude
FNDA:0,r2.notDeepNestedInclude
FNDA:0,r2.ownInclude
FNDA:0,r2.notOwnInclude
FNDA:0,r2.deepOwnInclude
FNDA:0,r2.notDeepOwnInclude
FNDA:0,r2.match
FNDA:0,r2.notMatch
FNDA:0,r2.property
FNDA:0,r2.notProperty
FNDA:0,r2.propertyVal
FNDA:0,r2.notPropertyVal
FNDA:0,r2.deepPropertyVal
FNDA:0,r2.notDeepPropertyVal
FNDA:0,r2.ownProperty
FNDA:0,r2.notOwnProperty
FNDA:0,r2.ownPropertyVal
FNDA:0,r2.notOwnPropertyVal
FNDA:0,r2.deepOwnPropertyVal
FNDA:0,r2.notDeepOwnPropertyVal
FNDA:0,r2.nestedProperty
FNDA:0,r2.notNestedProperty
FNDA:0,r2.nestedPropertyVal
FNDA:0,r2.notNestedPropertyVal
FNDA:0,r2.deepNestedPropertyVal
FNDA:0,r2.notDeepNestedPropertyVal
FNDA:0,r2.lengthOf
FNDA:0,r2.hasAnyKeys
FNDA:0,r2.hasAllKeys
FNDA:0,r2.containsAllKeys
FNDA:0,r2.doesNotHaveAnyKeys
FNDA:0,r2.doesNotHaveAllKeys
FNDA:0,r2.hasAnyDeepKeys
FNDA:0,r2.hasAllDeepKeys
FNDA:0,r2.containsAllDeepKeys
FNDA:0,r2.doesNotHaveAnyDeepKeys
FNDA:0,r2.doesNotHaveAllDeepKeys
FNDA:0,r2.throws
FNDA:0,r2.doesNotThrow
FNDA:0,r2.operator
FNDA:0,r2.closeTo
FNDA:0,r2.approximately
FNDA:0,r2.sameMembers
FNDA:0,r2.notSameMembers
FNDA:0,r2.sameDeepMembers
FNDA:0,r2.notSameDeepMembers
FNDA:0,r2.sameOrderedMembers
FNDA:0,r2.notSameOrderedMembers
FNDA:0,r2.sameDeepOrderedMembers
FNDA:0,r2.notSameDeepOrderedMembers
FNDA:0,r2.includeMembers
FNDA:0,r2.notIncludeMembers
FNDA:0,r2.includeDeepMembers
FNDA:0,r2.notIncludeDeepMembers
FNDA:0,r2.includeOrderedMembers
FNDA:0,r2.notIncludeOrderedMembers
FNDA:0,r2.includeDeepOrderedMembers
FNDA:0,r2.notIncludeDeepOrderedMembers
FNDA:0,r2.oneOf
FNDA:0,r2.changes
FNDA:0,r2.changesBy
FNDA:0,r2.doesNotChange
FNDA:0,r2.changesButNotBy
FNDA:0,r2.increases
FNDA:0,r2.increasesBy
FNDA:0,r2.doesNotIncrease
FNDA:0,r2.increasesButNotBy
FNDA:0,r2.decreases
FNDA:0,r2.decreasesBy
FNDA:0,r2.doesNotDecrease
FNDA:0,r2.doesNotDecreaseBy
FNDA:0,r2.decreasesButNotBy
FNDA:0,r2.ifError
FNDA:0,r2.isExtensible
FNDA:0,r2.isNotExtensible
FNDA:0,r2.isSealed
FNDA:0,r2.isNotSealed
FNDA:0,r2.isFrozen
FNDA:0,r2.isNotFrozen
FNDA:0,r2.isEmpty
FNDA:0,r2.isNotEmpty
FNDA:36,e4
FNDA:3,n.exports.7
FNDA:3,t2.exports
FNDA:17,e3.expect
FNDA:0,e3.expect.fail
FNDA:3,n.exports.8
FNDA:3,t2.exports
FNDA:0,o2
FNDA:3,n.exports.9.../../chai
FNDA:0,u2
FNDA:27,t2.exports
FNDA:0,u3
FNDA:4,get
FNDA:3,n.exports.10
FNDA:247,t2.exports
FNDA:0,get
FNDA:3,n.exports.11.../../chai
FNDA:231,t2.exports
FNDA:11,c2
FNDA:3,n.exports.12.../../chai
FNDA:156,t2.exports
FNDA:22,n3
FNDA:24,e4
FNDA:3,n.exports.13../inspect
FNDA:0,t2.exports
FNDA:3,n.exports.14../flag
FNDA:0,t2.exports
FNDA:3,n.exports.15
FNDA:514,t2.exports
FNDA:3,n.exports.16
FNDA:0,t2.exports
FNDA:3,n.exports.17
FNDA:0,t2.exports
FNDA:3,n.exports.18../flag
FNDA:0,t2.exports
FNDA:3,n.exports.19../flag
FNDA:0,i2
FNDA:0,t2.exports
FNDA:3,n.exports.20../getOwnEnumerablePropertySymbols
FNDA:0,t2.exports
FNDA:3,n.exports.21
FNDA:0,t2.exports
FNDA:3,n.exports.22
FNDA:0,t2.exports
FNDA:3,n.exports.23../addChainableMethod
FNDA:3,n.exports.24.../config
FNDA:8,a2
FNDA:0,c2
FNDA:8,u2
FNDA:8,f2
FNDA:0,p2
FNDA:0,l2
FNDA:0,h2
FNDA:0,d
FNDA:0,y
FNDA:0,b
FNDA:0,g
FNDA:0,w
FNDA:0,m
FNDA:0,v
FNDA:0,x
FNDA:3,n.exports.25
FNDA:0,o2
FNDA:3,n.exports.26.../config
FNDA:335,t2.exports
FNDA:3,n.exports.27.../config
FNDA:0,t2.exports
FNDA:3,n.exports.28.../../chai
FNDA:6,t2.exports
FNDA:0,s2.chainingBehavior
FNDA:0,s2.method
FNDA:3,n.exports.29.../../chai
FNDA:12,t2.exports
FNDA:0,u2
FNDA:8,f2
FNDA:3,n.exports.30.../../chai
FNDA:12,t2.exports
FNDA:0,c2
FNDA:0,e4
FNDA:3,n.exports.31.../config
FNDA:0,c2
FNDA:311,t2.exports
FNDA:478,e4
FNDA:3,n.exports.32../flag
FNDA:17,t2.exports
FNDA:3,n.exports.33
FNDA:51,t2.exports
FNDA:3,n.exports.34
FNDA:0,o2
FNDA:0,r2
FNDA:0,r2.toJSON
FNDA:3,n.exports.35
FNDA:0,o2
FNDA:0,r2
FNDA:0,i2
FNDA:0,a2
FNDA:0,c2
FNDA:0,u2
FNDA:3,n.exports.36.type-detect
FNDA:0,r2
FNDA:0,get
FNDA:0,set
FNDA:0,s2
FNDA:0,a2
FNDA:0,c2
FNDA:0,u2
FNDA:0,f2
FNDA:0,p2
FNDA:0,l2
FNDA:0,h2
FNDA:0,d
FNDA:0,y
FNDA:0,b
FNDA:0,g
FNDA:0,w
FNDA:0,m
FNDA:0,v
FNDA:0,x
FNDA:0,O
FNDA:3,n.exports.37
FNDA:3,i2
FNDA:3,n.exports.38
FNDA:0,o2
FNDA:0,r2
FNDA:0,i2
FNDA:0,s2
FNDA:0,a2
FNDA:0,c2
FNDA:0,u2
FNDA:3,n.exports.39
FNDA:4,x
FNDA:4,n4
DA:1,3
DA:2,3
DA:3,3
DA:4,3
DA:5,3
DA:6,3
DA:7,3
DA:8,3
DA:9,3
DA:10,3
DA:11,3
DA:12,3
DA:13,3
DA:14,3
DA:15,3
DA:16,3
DA:17,3
DA:18,3
DA:19,3
DA:20,3
DA:21,3
DA:22,3
DA:23,3
DA:24,3
DA:25,3
DA:26,3
DA:27,3
DA:28,3
DA:29,3
DA:30,3
DA:31,3
DA:32,3
DA:33,3
DA:34,3
DA:35,3
DA:36,3
DA:37,3
DA:38,3
DA:39,3
DA:40,3
DA:41,3
DA:42,27
DA:43,27
DA:44,27
DA:45,27
DA:46,27
DA:47,27
DA:48,3
DA:49,3
DA:50,3
DA:51,3
DA:52,3
DA:53,3
DA:54,3
DA:55,3
DA:56,3
DA:57,3
DA:58,3
DA:59,3
DA:60,3
DA:61,3
DA:62,3
DA:63,3
DA:64,3
DA:65,3
DA:66,3
DA:67,3
DA:68,3
DA:69,3
DA:70,3
DA:71,3
DA:72,3
DA:73,3
DA:74,3
DA:75,3
DA:76,3
DA:77,3
DA:78,3
DA:79,3
DA:80,3
DA:81,3
DA:82,3
DA:83,3
DA:84,3
DA:85,3
DA:86,3
DA:87,3
DA:88,3
DA:89,3
DA:90,3
DA:91,3
DA:92,3
DA:93,3
DA:94,3
DA:95,3
DA:96,3
DA:97,3
DA:98,3
DA:99,3
DA:100,3
DA:101,3
DA:102,3
DA:103,3
DA:104,3
DA:105,3
DA:106,3
DA:107,3
DA:108,3
DA:109,3
DA:110,3
DA:111,3
DA:112,3
DA:113,3
DA:114,3
DA:115,3
DA:116,3
DA:117,3
DA:118,3
DA:119,3
DA:120,3
DA:121,3
DA:122,3
DA:123,3
DA:124,3
DA:125,3
DA:126,3
DA:127,3
DA:128,3
DA:129,3
DA:130,3
DA:131,3
DA:132,3
DA:133,3
DA:134,3
DA:135,3
DA:136,3
DA:137,3
DA:138,3
DA:139,3
DA:140,3
DA:141,3
DA:142,3
DA:143,3
DA:144,3
DA:145,3
DA:146,3
DA:147,3
DA:148,3
DA:149,3
DA:150,3
DA:151,3
DA:152,3
DA:153,3
DA:154,3
DA:155,3
DA:156,3
DA:157,3
DA:158,3
DA:159,3
DA:160,3
DA:161,64
DA:162,64
DA:163,64
DA:164,64
DA:165,64
DA:166,64
DA:167,3
DA:168,3
DA:169,3
DA:170,3
DA:171,0
DA:172,0
DA:173,3
DA:174,3
DA:175,0
DA:176,0
DA:177,3
DA:178,3
DA:179,3
DA:180,3
DA:181,3
DA:182,0
DA:183,0
DA:184,3
DA:185,3
DA:186,0
DA:187,0
DA:188,3
DA:189,3
DA:190,3
DA:191,3
DA:192,138
DA:193,3
DA:194,3
DA:195,3
DA:196,177
DA:197,3
DA:198,3
DA:199,3
DA:200,27
DA:201,3
DA:202,3
DA:203,3
DA:204,12
DA:205,3
DA:206,3
DA:207,3
DA:208,12
DA:209,3
DA:210,3
DA:211,3
DA:212,6
DA:213,3
DA:214,3
DA:215,3
DA:216,3
DA:217,3
DA:218,3
DA:219,3
DA:220,3
DA:221,3
DA:222,3
DA:223,3
DA:224,3
DA:225,3
DA:226,3
DA:227,3
DA:228,3
DA:229,3
DA:230,3
DA:231,17
DA:232,17
DA:233,17
DA:234,17
DA:235,17
DA:236,17
DA:237,0
DA:238,0
DA:239,0
DA:240,0
DA:241,0
DA:242,0
DA:243,0
DA:244,0
DA:245,0
DA:246,0
DA:247,0
DA:248,0
DA:249,0
DA:250,0
DA:251,0
DA:252,0
DA:253,0
DA:254,3
DA:255,3
DA:256,3
DA:257,3
DA:258,3
DA:259,3
DA:260,3
DA:261,3
DA:262,3
DA:263,3
DA:264,3
DA:265,3
DA:266,3
DA:267,8
DA:268,3
DA:269,3
DA:270,0
DA:271,3
DA:272,3
DA:273,3
DA:274,3
DA:275,3
DA:276,3
DA:277,3
DA:278,3
DA:279,3
DA:280,3
DA:281,3
DA:282,3
DA:283,3
DA:284,3
DA:285,3
DA:286,3
DA:287,3
DA:288,3
DA:289,3
DA:290,3
DA:291,3
DA:292,3
DA:293,3
DA:294,3
DA:295,3
DA:296,3
DA:297,3
DA:298,3
DA:299,3
DA:300,3
DA:301,3
DA:302,3
DA:303,3
DA:304,3
DA:305,3
DA:306,3
DA:307,3
DA:308,3
DA:309,3
DA:310,3
DA:311,3
DA:312,3
DA:313,3
DA:314,3
DA:315,3
DA:316,3
DA:317,3
DA:318,3
DA:319,3
DA:320,3
DA:321,3
DA:322,3
DA:323,3
DA:324,3
DA:325,3
DA:326,3
DA:327,3
DA:328,3
DA:329,3
DA:330,3
DA:331,3
DA:332,3
DA:333,3
DA:334,3
DA:335,3
DA:336,3
DA:337,3
DA:338,3
DA:339,3
DA:340,3
DA:341,3
DA:342,3
DA:343,3
DA:344,3
DA:345,3
DA:346,3
DA:347,3
DA:348,3
DA:349,3
DA:350,3
DA:351,3
DA:352,3
DA:353,3
DA:354,3
DA:355,3
DA:356,3
DA:357,3
DA:358,3
DA:359,3
DA:360,3
DA:361,3
DA:362,3
DA:363,3
DA:364,3
DA:365,3
DA:366,3
DA:367,3
DA:368,3
DA:369,3
DA:370,3
DA:371,3
DA:372,3
DA:373,3
DA:374,3
DA:375,3
DA:376,3
DA:377,3
DA:378,3
DA:379,3
DA:380,3
DA:381,3
DA:382,3
DA:383,3
DA:384,3
DA:385,3
DA:386,3
DA:387,3
DA:388,3
DA:389,3
DA:390,3
DA:391,3
DA:392,3
DA:393,3
DA:394,3
DA:395,3
DA:396,3
DA:397,3
DA:398,3
DA:399,3
DA:400,3
DA:401,3
DA:402,3
DA:403,3
DA:404,3
DA:405,3
DA:406,3
DA:407,3
DA:408,3
DA:409,3
DA:410,3
DA:411,3
DA:412,3
DA:413,3
DA:414,3
DA:415,3
DA:416,3
DA:417,3
DA:418,3
DA:419,51
DA:420,3
DA:421,3
DA:422,3
DA:423,3
DA:424,3
DA:425,3
DA:426,3
DA:427,3
DA:428,3
DA:429,3
DA:430,3
DA:431,3
DA:432,3
DA:433,3
DA:434,3
DA:435,3
DA:436,3
DA:437,3
DA:438,3
DA:439,3
DA:440,3
DA:441,3
DA:442,3
DA:443,3
DA:444,3
DA:445,3
DA:446,0
DA:447,3
DA:448,3
DA:449,3
DA:450,3
DA:451,3
DA:452,3
DA:453,3
DA:454,3
DA:455,3
DA:456,3
DA:457,3
DA:458,3
DA:459,3
DA:460,3
DA:461,3
DA:462,3
DA:463,3
DA:464,3
DA:465,3
DA:466,3
DA:467,3
DA:468,3
DA:469,3
DA:470,3
DA:471,3
DA:472,3
DA:473,3
DA:474,3
DA:475,3
DA:476,3
DA:477,3
DA:478,3
DA:479,3
DA:480,3
DA:481,3
DA:482,3
DA:483,3
DA:484,3
DA:485,3
DA:486,3
DA:487,0
DA:488,3
DA:489,3
DA:490,3
DA:491,3
DA:492,3
DA:493,3
DA:494,3
DA:495,3
DA:496,3
DA:497,3
DA:498,3
DA:499,3
DA:500,3
DA:501,3
DA:502,3
DA:503,3
DA:504,3
DA:505,3
DA:506,3
DA:507,3
DA:508,3
DA:509,3
DA:510,3
DA:511,3
DA:512,3
DA:513,0
DA:514,3
DA:515,3
DA:516,3
DA:517,3
DA:518,3
DA:519,3
DA:520,3
DA:521,3
DA:522,3
DA:523,3
DA:524,3
DA:525,3
DA:526,3
DA:527,3
DA:528,3
DA:529,3
DA:530,3
DA:531,3
DA:532,3
DA:533,3
DA:534,3
DA:535,3
DA:536,3
DA:537,3
DA:538,3
DA:539,0
DA:540,3
DA:541,3
DA:542,3
DA:543,3
DA:544,3
DA:545,3
DA:546,3
DA:547,3
DA:548,3
DA:549,3
DA:550,3
DA:551,3
DA:552,3
DA:553,3
DA:554,3
DA:555,3
DA:556,3
DA:557,3
DA:558,3
DA:559,3
DA:560,3
DA:561,3
DA:562,3
DA:563,0
DA:564,3
DA:565,3
DA:566,3
DA:567,3
DA:568,3
DA:569,3
DA:570,3
DA:571,3
DA:572,3
DA:573,3
DA:574,3
DA:575,3
DA:576,3
DA:577,3
DA:578,3
DA:579,3
DA:580,3
DA:581,3
DA:582,3
DA:583,0
DA:584,0
DA:585,3
DA:586,3
DA:587,3
DA:588,3
DA:589,3
DA:590,3
DA:591,3
DA:592,3
DA:593,3
DA:594,3
DA:595,3
DA:596,3
DA:597,3
DA:598,3
DA:599,3
DA:600,3
DA:601,3
DA:602,3
DA:603,3
DA:604,3
DA:605,3
DA:606,3
DA:607,3
DA:608,0
DA:609,0
DA:610,3
DA:611,3
DA:612,3
DA:613,3
DA:614,3
DA:615,3
DA:616,3
DA:617,3
DA:618,3
DA:619,3
DA:620,3
DA:621,3
DA:622,3
DA:623,3
DA:624,3
DA:625,3
DA:626,3
DA:627,3
DA:628,3
DA:629,3
DA:630,3
DA:631,3
DA:632,3
DA:633,3
DA:634,3
DA:635,3
DA:636,3
DA:637,3
DA:638,3
DA:639,3
DA:640,3
DA:641,3
DA:642,3
DA:643,3
DA:644,3
DA:645,3
DA:646,3
DA:647,3
DA:648,3
DA:649,3
DA:650,3
DA:651,3
DA:652,3
DA:653,3
DA:654,3
DA:655,3
DA:656,3
DA:657,3
DA:658,3
DA:659,3
DA:660,3
DA:661,3
DA:662,3
DA:663,3
DA:664,3
DA:665,3
DA:666,3
DA:667,3
DA:668,3
DA:669,3
DA:670,3
DA:671,3
DA:672,3
DA:673,0
DA:674,0
DA:675,0
DA:676,0
DA:677,0
DA:678,0
DA:679,0
DA:680,0
DA:681,0
DA:682,3
DA:683,3
DA:684,3
DA:685,3
DA:686,3
DA:687,3
DA:688,3
DA:689,3
DA:690,3
DA:691,3
DA:692,3
DA:693,3
DA:694,3
DA:695,3
DA:696,3
DA:697,3
DA:698,3
DA:699,3
DA:700,3
DA:701,3
DA:702,3
DA:703,3
DA:704,3
DA:705,3
DA:706,3
DA:707,3
DA:708,3
DA:709,3
DA:710,3
DA:711,3
DA:712,3
DA:713,3
DA:714,3
DA:715,3
DA:716,3
DA:717,3
DA:718,3
DA:719,3
DA:720,3
DA:721,3
DA:722,3
DA:723,3
DA:724,3
DA:725,3
DA:726,3
DA:727,3
DA:728,3
DA:729,3
DA:730,3
DA:731,3
DA:732,3
DA:733,3
DA:734,3
DA:735,3
DA:736,3
DA:737,3
DA:738,3
DA:739,3
DA:740,3
DA:741,3
DA:742,3
DA:743,3
DA:744,3
DA:745,3
DA:746,3
DA:747,3
DA:748,3
DA:749,3
DA:750,3
DA:751,3
DA:752,3
DA:753,3
DA:754,3
DA:755,3
DA:756,3
DA:757,3
DA:758,3
DA:759,3
DA:760,3
DA:761,3
DA:762,3
DA:763,3
DA:764,3
DA:765,3
DA:766,3
DA:767,3
DA:768,3
DA:769,3
DA:770,3
DA:771,3
DA:772,3
DA:773,3
DA:774,3
DA:775,3
DA:776,3
DA:777,3
DA:778,3
DA:779,3
DA:780,3
DA:781,3
DA:782,3
DA:783,3
DA:784,3
DA:785,3
DA:786,3
DA:787,3
DA:788,3
DA:789,3
DA:790,3
DA:791,3
DA:792,3
DA:793,3
DA:794,3
DA:795,3
DA:796,3
DA:797,3
DA:798,3
DA:799,3
DA:800,3
DA:801,3
DA:802,3
DA:803,3
DA:804,3
DA:805,3
DA:806,3
DA:807,3
DA:808,3
DA:809,3
DA:810,3
DA:811,3
DA:812,3
DA:813,3
DA:814,3
DA:815,3
DA:816,3
DA:817,3
DA:818,3
DA:819,3
DA:820,3
DA:821,3
DA:822,3
DA:823,3
DA:824,3
DA:825,3
DA:826,3
DA:827,3
DA:828,3
DA:829,3
DA:830,3
DA:831,3
DA:832,3
DA:833,3
DA:834,3
DA:835,3
DA:836,0
DA:837,3
DA:838,3
DA:839,3
DA:840,4
DA:841,3
DA:842,3
DA:843,3
DA:844,4
DA:845,4
DA:846,4
DA:847,4
DA:848,4
DA:849,4
DA:850,4
DA:851,4
DA:852,4
DA:853,4
DA:854,4
DA:855,4
DA:856,4
DA:857,4
DA:858,4
DA:859,4
DA:860,4
DA:861,4
DA:862,4
DA:863,4
DA:864,0
DA:865,0
DA:866,0
DA:867,0
DA:868,0
DA:869,0
DA:870,0
DA:871,0
DA:872,0
DA:873,0
DA:874,4
DA:875,4
DA:876,0
DA:877,0
DA:878,0
DA:879,0
DA:880,0
DA:881,4
DA:882,4
DA:883,0
DA:884,0
DA:885,0
DA:886,0
DA:887,0
DA:888,0
DA:889,0
DA:890,0
DA:891,4
DA:892,4
DA:893,0
DA:894,0
DA:895,0
DA:896,0
DA:897,0
DA:898,0
DA:899,0
DA:900,0
DA:901,4
DA:902,4
DA:903,0
DA:904,0
DA:905,0
DA:906,0
DA:907,0
DA:908,0
DA:909,0
DA:910,0
DA:911,0
DA:912,0
DA:913,0
DA:914,0
DA:915,0
DA:916,0
DA:917,0
DA:918,0
DA:919,0
DA:920,0
DA:921,0
DA:922,0
DA:923,0
DA:924,0
DA:925,0
DA:926,0
DA:927,0
DA:928,0
DA:929,0
DA:930,0
DA:931,0
DA:932,0
DA:933,0
DA:934,0
DA:935,0
DA:936,0
DA:937,0
DA:938,0
DA:939,0
DA:940,0
DA:941,0
DA:942,0
DA:943,0
DA:944,0
DA:945,0
DA:946,0
DA:947,0
DA:948,0
DA:949,0
DA:950,0
DA:951,0
DA:952,0
DA:953,4
DA:954,4
DA:955,4
DA:956,4
DA:957,4
DA:958,4
DA:959,4
DA:960,3
DA:961,3
DA:962,3
DA:963,3
DA:964,3
DA:965,3
DA:966,3
DA:967,3
DA:968,3
DA:969,3
DA:970,3
DA:971,3
DA:972,3
DA:973,3
DA:974,3
DA:975,3
DA:976,3
DA:977,3
DA:978,3
DA:979,3
DA:980,3
DA:981,3
DA:982,3
DA:983,3
DA:984,3
DA:985,3
DA:986,3
DA:987,3
DA:988,3
DA:989,3
DA:990,3
DA:991,3
DA:992,3
DA:993,3
DA:994,3
DA:995,3
DA:996,3
DA:997,3
DA:998,3
DA:999,3
DA:1000,3
DA:1001,3
DA:1002,3
DA:1003,3
DA:1004,0
DA:1005,0
DA:1006,0
DA:1007,0
DA:1008,3
DA:1009,3
DA:1010,3
DA:1011,3
DA:1012,3
DA:1013,3
DA:1014,3
DA:1015,3
DA:1016,3
DA:1017,3
DA:1018,3
DA:1019,3
DA:1020,3
DA:1021,3
DA:1022,3
DA:1023,3
DA:1024,3
DA:1025,3
DA:1026,3
DA:1027,3
DA:1028,3
DA:1029,3
DA:1030,3
DA:1031,3
DA:1032,3
DA:1033,3
DA:1034,3
DA:1035,3
DA:1036,3
DA:1037,1
DA:1038,1
DA:1039,1
DA:1040,1
DA:1041,1
DA:1042,3
DA:1043,3
DA:1044,3
DA:1045,3
DA:1046,3
DA:1047,3
DA:1048,3
DA:1049,3
DA:1050,3
DA:1051,3
DA:1052,3
DA:1053,3
DA:1054,3
DA:1055,3
DA:1056,3
DA:1057,3
DA:1058,3
DA:1059,3
DA:1060,3
DA:1061,3
DA:1062,3
DA:1063,3
DA:1064,3
DA:1065,3
DA:1066,3
DA:1067,3
DA:1068,3
DA:1069,3
DA:1070,3
DA:1071,3
DA:1072,1
DA:1073,1
DA:1074,1
DA:1075,1
DA:1076,1
DA:1077,3
DA:1078,3
DA:1079,3
DA:1080,3
DA:1081,3
DA:1082,3
DA:1083,3
DA:1084,3
DA:1085,3
DA:1086,3
DA:1087,3
DA:1088,3
DA:1089,3
DA:1090,3
DA:1091,3
DA:1092,3
DA:1093,3
DA:1094,3
DA:1095,3
DA:1096,3
DA:1097,3
DA:1098,3
DA:1099,3
DA:1100,3
DA:1101,3
DA:1102,3
DA:1103,3
DA:1104,0
DA:1105,0
DA:1106,0
DA:1107,0
DA:1108,3
DA:1109,3
DA:1110,3
DA:1111,3
DA:1112,3
DA:1113,3
DA:1114,3
DA:1115,3
DA:1116,3
DA:1117,3
DA:1118,3
DA:1119,3
DA:1120,3
DA:1121,3
DA:1122,3
DA:1123,3
DA:1124,3
DA:1125,3
DA:1126,3
DA:1127,3
DA:1128,3
DA:1129,3
DA:1130,3
DA:1131,3
DA:1132,3
DA:1133,3
DA:1134,3
DA:1135,0
DA:1136,0
DA:1137,0
DA:1138,0
DA:1139,3
DA:1140,3
DA:1141,3
DA:1142,3
DA:1143,3
DA:1144,3
DA:1145,3
DA:1146,3
DA:1147,3
DA:1148,3
DA:1149,3
DA:1150,3
DA:1151,3
DA:1152,3
DA:1153,3
DA:1154,3
DA:1155,3
DA:1156,3
DA:1157,3
DA:1158,3
DA:1159,3
DA:1160,3
DA:1161,3
DA:1162,3
DA:1163,3
DA:1164,3
DA:1165,3
DA:1166,0
DA:1167,0
DA:1168,0
DA:1169,0
DA:1170,3
DA:1171,3
DA:1172,3
DA:1173,3
DA:1174,3
DA:1175,3
DA:1176,3
DA:1177,3
DA:1178,3
DA:1179,3
DA:1180,3
DA:1181,3
DA:1182,3
DA:1183,3
DA:1184,3
DA:1185,3
DA:1186,3
DA:1187,3
DA:1188,3
DA:1189,3
DA:1190,3
DA:1191,3
DA:1192,3
DA:1193,3
DA:1194,3
DA:1195,3
DA:1196,3
DA:1197,3
DA:1198,3
DA:1199,3
DA:1200,3
DA:1201,3
DA:1202,3
DA:1203,3
DA:1204,3
DA:1205,3
DA:1206,3
DA:1207,0
DA:1208,0
DA:1209,0
DA:1210,0
DA:1211,0
DA:1212,3
DA:1213,3
DA:1214,3
DA:1215,3
DA:1216,3
DA:1217,3
DA:1218,3
DA:1219,3
DA:1220,3
DA:1221,3
DA:1222,3
DA:1223,3
DA:1224,3
DA:1225,3
DA:1226,3
DA:1227,3
DA:1228,3
DA:1229,3
DA:1230,3
DA:1231,3
DA:1232,3
DA:1233,3
DA:1234,3
DA:1235,3
DA:1236,3
DA:1237,3
DA:1238,3
DA:1239,3
DA:1240,3
DA:1241,3
DA:1242,3
DA:1243,3
DA:1244,3
DA:1245,3
DA:1246,3
DA:1247,3
DA:1248,3
DA:1249,3
DA:1250,3
DA:1251,3
DA:1252,3
DA:1253,3
DA:1254,3
DA:1255,3
DA:1256,3
DA:1257,3
DA:1258,3
DA:1259,3
DA:1260,3
DA:1261,3
DA:1262,3
DA:1263,3
DA:1264,3
DA:1265,3
DA:1266,3
DA:1267,3
DA:1268,0
DA:1269,0
DA:1270,0
DA:1271,0
DA:1272,0
DA:1273,0
DA:1274,0
DA:1275,0
DA:1276,0
DA:1277,0
DA:1278,0
DA:1279,0
DA:1280,0
DA:1281,0
DA:1282,0
DA:1283,0
DA:1284,0
DA:1285,0
DA:1286,0
DA:1287,0
DA:1288,0
DA:1289,0
DA:1290,0
DA:1291,0
DA:1292,0
DA:1293,0
DA:1294,0
DA:1295,0
DA:1296,0
DA:1297,0
DA:1298,0
DA:1299,0
DA:1300,0
DA:1301,0
DA:1302,0
DA:1303,0
DA:1304,0
DA:1305,0
DA:1306,0
DA:1307,0
DA:1308,0
DA:1309,3
DA:1310,3
DA:1311,3
DA:1312,3
DA:1313,3
DA:1314,3
DA:1315,3
DA:1316,3
DA:1317,3
DA:1318,3
DA:1319,3
DA:1320,3
DA:1321,3
DA:1322,3
DA:1323,3
DA:1324,3
DA:1325,3
DA:1326,3
DA:1327,3
DA:1328,3
DA:1329,3
DA:1330,3
DA:1331,3
DA:1332,3
DA:1333,3
DA:1334,3
DA:1335,3
DA:1336,3
DA:1337,3
DA:1338,3
DA:1339,3
DA:1340,3
DA:1341,3
DA:1342,3
DA:1343,0
DA:1344,0
DA:1345,0
DA:1346,0
DA:1347,0
DA:1348,0
DA:1349,3
DA:1350,3
DA:1351,3
DA:1352,3
DA:1353,3
DA:1354,3
DA:1355,3
DA:1356,3
DA:1357,3
DA:1358,3
DA:1359,3
DA:1360,3
DA:1361,3
DA:1362,3
DA:1363,3
DA:1364,3
DA:1365,3
DA:1366,3
DA:1367,3
DA:1368,3
DA:1369,3
DA:1370,3
DA:1371,3
DA:1372,3
DA:1373,3
DA:1374,3
DA:1375,3
DA:1376,3
DA:1377,3
DA:1378,3
DA:1379,3
DA:1380,3
DA:1381,3
DA:1382,3
DA:1383,3
DA:1384,3
DA:1385,3
DA:1386,3
DA:1387,3
DA:1388,3
DA:1389,3
DA:1390,3
DA:1391,3
DA:1392,3
DA:1393,3
DA:1394,3
DA:1395,3
DA:1396,3
DA:1397,3
DA:1398,3
DA:1399,3
DA:1400,3
DA:1401,8
DA:1402,8
DA:1403,8
DA:1404,0
DA:1405,0
DA:1406,0
DA:1407,0
DA:1408,8
DA:1409,8
DA:1410,8
DA:1411,8
DA:1412,8
DA:1413,8
DA:1414,8
DA:1415,8
DA:1416,3
DA:1417,3
DA:1418,3
DA:1419,3
DA:1420,3
DA:1421,3
DA:1422,3
DA:1423,3
DA:1424,3
DA:1425,3
DA:1426,3
DA:1427,3
DA:1428,3
DA:1429,3
DA:1430,3
DA:1431,3
DA:1432,3
DA:1433,3
DA:1434,3
DA:1435,3
DA:1436,3
DA:1437,3
DA:1438,3
DA:1439,3
DA:1440,3
DA:1441,3
DA:1442,3
DA:1443,3
DA:1444,3
DA:1445,3
DA:1446,3
DA:1447,3
DA:1448,3
DA:1449,3
DA:1450,3
DA:1451,3
DA:1452,3
DA:1453,3
DA:1454,3
DA:1455,3
DA:1456,3
DA:1457,3
DA:1458,3
DA:1459,3
DA:1460,3
DA:1461,3
DA:1462,3
DA:1463,3
DA:1464,3
DA:1465,3
DA:1466,0
DA:1467,0
DA:1468,0
DA:1469,0
DA:1470,0
DA:1471,0
DA:1472,0
DA:1473,0
DA:1474,3
DA:1475,3
DA:1476,3
DA:1477,3
DA:1478,3
DA:1479,3
DA:1480,3
DA:1481,3
DA:1482,3
DA:1483,3
DA:1484,3
DA:1485,3
DA:1486,3
DA:1487,3
DA:1488,3
DA:1489,3
DA:1490,3
DA:1491,3
DA:1492,3
DA:1493,3
DA:1494,3
DA:1495,3
DA:1496,3
DA:1497,3
DA:1498,3
DA:1499,3
DA:1500,3
DA:1501,3
DA:1502,3
DA:1503,3
DA:1504,3
DA:1505,3
DA:1506,3
DA:1507,3
DA:1508,3
DA:1509,3
DA:1510,3
DA:1511,3
DA:1512,3
DA:1513,3
DA:1514,3
DA:1515,3
DA:1516,3
DA:1517,3
DA:1518,3
DA:1519,3
DA:1520,3
DA:1521,3
DA:1522,3
DA:1523,3
DA:1524,0
DA:1525,0
DA:1526,0
DA:1527,0
DA:1528,0
DA:1529,0
DA:1530,0
DA:1531,0
DA:1532,0
DA:1533,0
DA:1534,0
DA:1535,0
DA:1536,0
DA:1537,0
DA:1538,0
DA:1539,0
DA:1540,0
DA:1541,0
DA:1542,0
DA:1543,0
DA:1544,0
DA:1545,0
DA:1546,0
DA:1547,0
DA:1548,0
DA:1549,0
DA:1550,0
DA:1551,0
DA:1552,0
DA:1553,0
DA:1554,0
DA:1555,0
DA:1556,0
DA:1557,0
DA:1558,0
DA:1559,0
DA:1560,0
DA:1561,0
DA:1562,0
DA:1563,0
DA:1564,0
DA:1565,0
DA:1566,0
DA:1567,0
DA:1568,0
DA:1569,0
DA:1570,0
DA:1571,0
DA:1572,0
DA:1573,0
DA:1574,0
DA:1575,0
DA:1576,3
DA:1577,3
DA:1578,3
DA:1579,3
DA:1580,3
DA:1581,3
DA:1582,3
DA:1583,3
DA:1584,3
DA:1585,3
DA:1586,3
DA:1587,3
DA:1588,3
DA:1589,3
DA:1590,3
DA:1591,3
DA:1592,3
DA:1593,3
DA:1594,3
DA:1595,3
DA:1596,3
DA:1597,3
DA:1598,3
DA:1599,3
DA:1600,3
DA:1601,3
DA:1602,3
DA:1603,3
DA:1604,3
DA:1605,3
DA:1606,3
DA:1607,3
DA:1608,3
DA:1609,3
DA:1610,3
DA:1611,3
DA:1612,3
DA:1613,3
DA:1614,3
DA:1615,3
DA:1616,3
DA:1617,3
DA:1618,3
DA:1619,3
DA:1620,3
DA:1621,3
DA:1622,3
DA:1623,3
DA:1624,3
DA:1625,3
DA:1626,3
DA:1627,3
DA:1628,3
DA:1629,0
DA:1630,0
DA:1631,0
DA:1632,0
DA:1633,0
DA:1634,0
DA:1635,0
DA:1636,0
DA:1637,0
DA:1638,0
DA:1639,0
DA:1640,0
DA:1641,0
DA:1642,0
DA:1643,0
DA:1644,0
DA:1645,0
DA:1646,0
DA:1647,0
DA:1648,0
DA:1649,0
DA:1650,0
DA:1651,0
DA:1652,0
DA:1653,0
DA:1654,0
DA:1655,0
DA:1656,0
DA:1657,0
DA:1658,0
DA:1659,0
DA:1660,0
DA:1661,0
DA:1662,0
DA:1663,0
DA:1664,0
DA:1665,0
DA:1666,0
DA:1667,0
DA:1668,0
DA:1669,0
DA:1670,0
DA:1671,0
DA:1672,0
DA:1673,0
DA:1674,0
DA:1675,0
DA:1676,0
DA:1677,0
DA:1678,0
DA:1679,0
DA:1680,0
DA:1681,3
DA:1682,3
DA:1683,3
DA:1684,3
DA:1685,3
DA:1686,3
DA:1687,3
DA:1688,3
DA:1689,3
DA:1690,3
DA:1691,3
DA:1692,3
DA:1693,3
DA:1694,3
DA:1695,3
DA:1696,3
DA:1697,3
DA:1698,3
DA:1699,3
DA:1700,3
DA:1701,3
DA:1702,3
DA:1703,3
DA:1704,3
DA:1705,3
DA:1706,3
DA:1707,3
DA:1708,3
DA:1709,3
DA:1710,3
DA:1711,3
DA:1712,3
DA:1713,3
DA:1714,3
DA:1715,3
DA:1716,3
DA:1717,3
DA:1718,3
DA:1719,3
DA:1720,3
DA:1721,3
DA:1722,3
DA:1723,3
DA:1724,3
DA:1725,3
DA:1726,3
DA:1727,3
DA:1728,3
DA:1729,3
DA:1730,3
DA:1731,3
DA:1732,3
DA:1733,0
DA:1734,0
DA:1735,0
DA:1736,0
DA:1737,0
DA:1738,0
DA:1739,0
DA:1740,0
DA:1741,0
DA:1742,0
DA:1743,0
DA:1744,0
DA:1745,0
DA:1746,0
DA:1747,0
DA:1748,0
DA:1749,0
DA:1750,0
DA:1751,0
DA:1752,0
DA:1753,0
DA:1754,0
DA:1755,0
DA:1756,0
DA:1757,0
DA:1758,0
DA:1759,0
DA:1760,0
DA:1761,0
DA:1762,0
DA:1763,0
DA:1764,0
DA:1765,0
DA:1766,0
DA:1767,0
DA:1768,0
DA:1769,0
DA:1770,0
DA:1771,0
DA:1772,0
DA:1773,0
DA:1774,0
DA:1775,0
DA:1776,0
DA:1777,0
DA:1778,0
DA:1779,0
DA:1780,0
DA:1781,0
DA:1782,0
DA:1783,0
DA:1784,0
DA:1785,3
DA:1786,3
DA:1787,3
DA:1788,3
DA:1789,3
DA:1790,3
DA:1791,3
DA:1792,3
DA:1793,3
DA:1794,3
DA:1795,3
DA:1796,3
DA:1797,3
DA:1798,3
DA:1799,3
DA:1800,3
DA:1801,3
DA:1802,3
DA:1803,3
DA:1804,3
DA:1805,3
DA:1806,3
DA:1807,3
DA:1808,3
DA:1809,3
DA:1810,3
DA:1811,3
DA:1812,3
DA:1813,3
DA:1814,3
DA:1815,3
DA:1816,3
DA:1817,3
DA:1818,3
DA:1819,3
DA:1820,3
DA:1821,3
DA:1822,3
DA:1823,3
DA:1824,3
DA:1825,3
DA:1826,3
DA:1827,3
DA:1828,3
DA:1829,3
DA:1830,3
DA:1831,3
DA:1832,3
DA:1833,3
DA:1834,3
DA:1835,3
DA:1836,3
DA:1837,3
DA:1838,0
DA:1839,0
DA:1840,0
DA:1841,0
DA:1842,0
DA:1843,0
DA:1844,0
DA:1845,0
DA:1846,0
DA:1847,0
DA:1848,0
DA:1849,0
DA:1850,0
DA:1851,0
DA:1852,0
DA:1853,0
DA:1854,0
DA:1855,0
DA:1856,0
DA:1857,0
DA:1858,0
DA:1859,0
DA:1860,0
DA:1861,0
DA:1862,0
DA:1863,0
DA:1864,0
DA:1865,0
DA:1866,0
DA:1867,0
DA:1868,0
DA:1869,0
DA:1870,0
DA:1871,0
DA:1872,0
DA:1873,0
DA:1874,0
DA:1875,0
DA:1876,0
DA:1877,0
DA:1878,0
DA:1879,0
DA:1880,0
DA:1881,0
DA:1882,0
DA:1883,0
DA:1884,0
DA:1885,0
DA:1886,0
DA:1887,0
DA:1888,0
DA:1889,0
DA:1890,3
DA:1891,3
DA:1892,3
DA:1893,3
DA:1894,3
DA:1895,3
DA:1896,3
DA:1897,3
DA:1898,3
DA:1899,3
DA:1900,3
DA:1901,3
DA:1902,3
DA:1903,3
DA:1904,3
DA:1905,3
DA:1906,3
DA:1907,3
DA:1908,3
DA:1909,3
DA:1910,3
DA:1911,3
DA:1912,3
DA:1913,3
DA:1914,3
DA:1915,3
DA:1916,3
DA:1917,3
DA:1918,3
DA:1919,3
DA:1920,3
DA:1921,3
DA:1922,3
DA:1923,3
DA:1924,3
DA:1925,3
DA:1926,3
DA:1927,3
DA:1928,3
DA:1929,3
DA:1930,3
DA:1931,3
DA:1932,3
DA:1933,3
DA:1934,3
DA:1935,3
DA:1936,3
DA:1937,3
DA:1938,3
DA:1939,3
DA:1940,3
DA:1941,3
DA:1942,0
DA:1943,0
DA:1944,0
DA:1945,0
DA:1946,0
DA:1947,0
DA:1948,0
DA:1949,0
DA:1950,0
DA:1951,0
DA:1952,0
DA:1953,0
DA:1954,0
DA:1955,0
DA:1956,0
DA:1957,0
DA:1958,0
DA:1959,0
DA:1960,0
DA:1961,0
DA:1962,0
DA:1963,0
DA:1964,0
DA:1965,0
DA:1966,0
DA:1967,0
DA:1968,0
DA:1969,0
DA:1970,0
DA:1971,0
DA:1972,0
DA:1973,0
DA:1974,0
DA:1975,0
DA:1976,0
DA:1977,0
DA:1978,0
DA:1979,0
DA:1980,0
DA:1981,0
DA:1982,0
DA:1983,0
DA:1984,0
DA:1985,0
DA:1986,0
DA:1987,0
DA:1988,0
DA:1989,0
DA:1990,0
DA:1991,0
DA:1992,0
DA:1993,0
DA:1994,0
DA:1995,3
DA:1996,3
DA:1997,3
DA:1998,3
DA:1999,3
DA:2000,3
DA:2001,3
DA:2002,3
DA:2003,3
DA:2004,3
DA:2005,3
DA:2006,3
DA:2007,3
DA:2008,3
DA:2009,3
DA:2010,3
DA:2011,3
DA:2012,3
DA:2013,3
DA:2014,3
DA:2015,3
DA:2016,3
DA:2017,3
DA:2018,3
DA:2019,3
DA:2020,3
DA:2021,3
DA:2022,3
DA:2023,3
DA:2024,3
DA:2025,3
DA:2026,3
DA:2027,3
DA:2028,3
DA:2029,3
DA:2030,3
DA:2031,3
DA:2032,3
DA:2033,3
DA:2034,3
DA:2035,3
DA:2036,3
DA:2037,3
DA:2038,3
DA:2039,3
DA:2040,3
DA:2041,3
DA:2042,3
DA:2043,3
DA:2044,3
DA:2045,3
DA:2046,3
DA:2047,0
DA:2048,0
DA:2049,0
DA:2050,0
DA:2051,0
DA:2052,0
DA:2053,0
DA:2054,0
DA:2055,0
DA:2056,0
DA:2057,0
DA:2058,3
DA:2059,3
DA:2060,3
DA:2061,3
DA:2062,0
DA:2063,3
DA:2064,3
DA:2065,3
DA:2066,3
DA:2067,3
DA:2068,3
DA:2069,3
DA:2070,3
DA:2071,3
DA:2072,3
DA:2073,3
DA:2074,3
DA:2075,3
DA:2076,3
DA:2077,3
DA:2078,3
DA:2079,3
DA:2080,3
DA:2081,3
DA:2082,3
DA:2083,3
DA:2084,3
DA:2085,3
DA:2086,3
DA:2087,3
DA:2088,3
DA:2089,3
DA:2090,3
DA:2091,3
DA:2092,3
DA:2093,3
DA:2094,3
DA:2095,3
DA:2096,3
DA:2097,3
DA:2098,3
DA:2099,3
DA:2100,3
DA:2101,3
DA:2102,3
DA:2103,3
DA:2104,3
DA:2105,3
DA:2106,3
DA:2107,3
DA:2108,3
DA:2109,3
DA:2110,3
DA:2111,3
DA:2112,3
DA:2113,3
DA:2114,3
DA:2115,3
DA:2116,3
DA:2117,3
DA:2118,3
DA:2119,3
DA:2120,3
DA:2121,3
DA:2122,3
DA:2123,3
DA:2124,3
DA:2125,3
DA:2126,3
DA:2127,3
DA:2128,3
DA:2129,3
DA:2130,3
DA:2131,3
DA:2132,3
DA:2133,3
DA:2134,3
DA:2135,3
DA:2136,3
DA:2137,3
DA:2138,3
DA:2139,3
DA:2140,3
DA:2141,3
DA:2142,3
DA:2143,3
DA:2144,3
DA:2145,3
DA:2146,3
DA:2147,3
DA:2148,3
DA:2149,3
DA:2150,3
DA:2151,3
DA:2152,3
DA:2153,3
DA:2154,3
DA:2155,3
DA:2156,3
DA:2157,3
DA:2158,3
DA:2159,3
DA:2160,3
DA:2161,3
DA:2162,3
DA:2163,3
DA:2164,3
DA:2165,3
DA:2166,3
DA:2167,3
DA:2168,3
DA:2169,3
DA:2170,3
DA:2171,3
DA:2172,3
DA:2173,3
DA:2174,3
DA:2175,3
DA:2176,3
DA:2177,3
DA:2178,3
DA:2179,3
DA:2180,3
DA:2181,3
DA:2182,3
DA:2183,3
DA:2184,3
DA:2185,3
DA:2186,3
DA:2187,3
DA:2188,0
DA:2189,0
DA:2190,0
DA:2191,0
DA:2192,0
DA:2193,0
DA:2194,0
DA:2195,0
DA:2196,0
DA:2197,0
DA:2198,0
DA:2199,0
DA:2200,0
DA:2201,0
DA:2202,0
DA:2203,0
DA:2204,0
DA:2205,0
DA:2206,0
DA:2207,0
DA:2208,0
DA:2209,0
DA:2210,0
DA:2211,0
DA:2212,0
DA:2213,0
DA:2214,0
DA:2215,0
DA:2216,0
DA:2217,0
DA:2218,0
DA:2219,0
DA:2220,0
DA:2221,0
DA:2222,0
DA:2223,0
DA:2224,0
DA:2225,0
DA:2226,0
DA:2227,0
DA:2228,0
DA:2229,0
DA:2230,0
DA:2231,0
DA:2232,0
DA:2233,0
DA:2234,0
DA:2235,0
DA:2236,0
DA:2237,0
DA:2238,0
DA:2239,0
DA:2240,0
DA:2241,0
DA:2242,0
DA:2243,0
DA:2244,0
DA:2245,0
DA:2246,0
DA:2247,0
DA:2248,0
DA:2249,0
DA:2250,0
DA:2251,0
DA:2252,0
DA:2253,0
DA:2254,0
DA:2255,0
DA:2256,0
DA:2257,0
DA:2258,0
DA:2259,0
DA:2260,0
DA:2261,0
DA:2262,0
DA:2263,0
DA:2264,0
DA:2265,0
DA:2266,0
DA:2267,0
DA:2268,0
DA:2269,0
DA:2270,0
DA:2271,0
DA:2272,3
DA:2273,3
DA:2274,3
DA:2275,3
DA:2276,3
DA:2277,0
DA:2278,0
DA:2279,3
DA:2280,3
DA:2281,3
DA:2282,3
DA:2283,3
DA:2284,3
DA:2285,3
DA:2286,3
DA:2287,3
DA:2288,3
DA:2289,3
DA:2290,3
DA:2291,3
DA:2292,3
DA:2293,3
DA:2294,3
DA:2295,3
DA:2296,3
DA:2297,3
DA:2298,3
DA:2299,3
DA:2300,3
DA:2301,3
DA:2302,3
DA:2303,3
DA:2304,3
DA:2305,3
DA:2306,3
DA:2307,3
DA:2308,3
DA:2309,3
DA:2310,3
DA:2311,3
DA:2312,3
DA:2313,3
DA:2314,3
DA:2315,3
DA:2316,3
DA:2317,3
DA:2318,3
DA:2319,3
DA:2320,3
DA:2321,3
DA:2322,3
DA:2323,3
DA:2324,3
DA:2325,3
DA:2326,3
DA:2327,3
DA:2328,3
DA:2329,3
DA:2330,3
DA:2331,3
DA:2332,3
DA:2333,3
DA:2334,3
DA:2335,3
DA:2336,3
DA:2337,3
DA:2338,3
DA:2339,3
DA:2340,3
DA:2341,3
DA:2342,3
DA:2343,3
DA:2344,3
DA:2345,3
DA:2346,3
DA:2347,3
DA:2348,3
DA:2349,3
DA:2350,3
DA:2351,3
DA:2352,3
DA:2353,3
DA:2354,3
DA:2355,3
DA:2356,3
DA:2357,3
DA:2358,3
DA:2359,3
DA:2360,3
DA:2361,3
DA:2362,3
DA:2363,3
DA:2364,3
DA:2365,3
DA:2366,3
DA:2367,3
DA:2368,3
DA:2369,3
DA:2370,3
DA:2371,3
DA:2372,3
DA:2373,3
DA:2374,3
DA:2375,3
DA:2376,3
DA:2377,3
DA:2378,3
DA:2379,3
DA:2380,3
DA:2381,3
DA:2382,3
DA:2383,3
DA:2384,3
DA:2385,3
DA:2386,3
DA:2387,3
DA:2388,3
DA:2389,3
DA:2390,3
DA:2391,3
DA:2392,3
DA:2393,3
DA:2394,3
DA:2395,3
DA:2396,3
DA:2397,3
DA:2398,3
DA:2399,3
DA:2400,3
DA:2401,3
DA:2402,3
DA:2403,3
DA:2404,0
DA:2405,0
DA:2406,0
DA:2407,0
DA:2408,0
DA:2409,0
DA:2410,0
DA:2411,0
DA:2412,0
DA:2413,0
DA:2414,0
DA:2415,0
DA:2416,0
DA:2417,0
DA:2418,0
DA:2419,0
DA:2420,0
DA:2421,0
DA:2422,0
DA:2423,0
DA:2424,0
DA:2425,0
DA:2426,0
DA:2427,0
DA:2428,3
DA:2429,3
DA:2430,3
DA:2431,3
DA:2432,3
DA:2433,3
DA:2434,3
DA:2435,3
DA:2436,3
DA:2437,3
DA:2438,3
DA:2439,3
DA:2440,3
DA:2441,3
DA:2442,3
DA:2443,3
DA:2444,3
DA:2445,3
DA:2446,3
DA:2447,3
DA:2448,3
DA:2449,3
DA:2450,3
DA:2451,3
DA:2452,3
DA:2453,3
DA:2454,3
DA:2455,3
DA:2456,3
DA:2457,3
DA:2458,3
DA:2459,3
DA:2460,3
DA:2461,3
DA:2462,3
DA:2463,3
DA:2464,3
DA:2465,3
DA:2466,3
DA:2467,3
DA:2468,3
DA:2469,3
DA:2470,3
DA:2471,3
DA:2472,3
DA:2473,3
DA:2474,3
DA:2475,3
DA:2476,3
DA:2477,3
DA:2478,3
DA:2479,3
DA:2480,3
DA:2481,3
DA:2482,3
DA:2483,3
DA:2484,3
DA:2485,3
DA:2486,3
DA:2487,3
DA:2488,3
DA:2489,3
DA:2490,3
DA:2491,3
DA:2492,0
DA:2493,3
DA:2494,3
DA:2495,3
DA:2496,0
DA:2497,0
DA:2498,0
DA:2499,0
DA:2500,0
DA:2501,0
DA:2502,0
DA:2503,0
DA:2504,0
DA:2505,0
DA:2506,0
DA:2507,0
DA:2508,0
DA:2509,0
DA:2510,0
DA:2511,0
DA:2512,0
DA:2513,0
DA:2514,0
DA:2515,0
DA:2516,0
DA:2517,0
DA:2518,0
DA:2519,0
DA:2520,0
DA:2521,3
DA:2522,3
DA:2523,3
DA:2524,3
DA:2525,3
DA:2526,3
DA:2527,3
DA:2528,3
DA:2529,3
DA:2530,3
DA:2531,3
DA:2532,3
DA:2533,3
DA:2534,3
DA:2535,3
DA:2536,3
DA:2537,3
DA:2538,3
DA:2539,3
DA:2540,3
DA:2541,3
DA:2542,3
DA:2543,3
DA:2544,3
DA:2545,3
DA:2546,3
DA:2547,3
DA:2548,3
DA:2549,3
DA:2550,3
DA:2551,3
DA:2552,3
DA:2553,3
DA:2554,3
DA:2555,0
DA:2556,0
DA:2557,0
DA:2558,0
DA:2559,0
DA:2560,0
DA:2561,3
DA:2562,3
DA:2563,3
DA:2564,3
DA:2565,3
DA:2566,3
DA:2567,3
DA:2568,3
DA:2569,3
DA:2570,3
DA:2571,3
DA:2572,3
DA:2573,3
DA:2574,3
DA:2575,3
DA:2576,3
DA:2577,3
DA:2578,3
DA:2579,3
DA:2580,3
DA:2581,3
DA:2582,3
DA:2583,3
DA:2584,3
DA:2585,3
DA:2586,3
DA:2587,3
DA:2588,3
DA:2589,3
DA:2590,3
DA:2591,3
DA:2592,3
DA:2593,0
DA:2594,0
DA:2595,0
DA:2596,0
DA:2597,0
DA:2598,0
DA:2599,0
DA:2600,0
DA:2601,0
DA:2602,0
DA:2603,3
DA:2604,3
DA:2605,3
DA:2606,3
DA:2607,3
DA:2608,3
DA:2609,3
DA:2610,3
DA:2611,3
DA:2612,3
DA:2613,3
DA:2614,3
DA:2615,3
DA:2616,3
DA:2617,3
DA:2618,3
DA:2619,3
DA:2620,3
DA:2621,3
DA:2622,3
DA:2623,3
DA:2624,3
DA:2625,3
DA:2626,3
DA:2627,3
DA:2628,3
DA:2629,3
DA:2630,3
DA:2631,3
DA:2632,3
DA:2633,3
DA:2634,3
DA:2635,3
DA:2636,3
DA:2637,3
DA:2638,3
DA:2639,3
DA:2640,3
DA:2641,3
DA:2642,3
DA:2643,3
DA:2644,3
DA:2645,3
DA:2646,3
DA:2647,3
DA:2648,3
DA:2649,3
DA:2650,3
DA:2651,3
DA:2652,3
DA:2653,3
DA:2654,3
DA:2655,3
DA:2656,3
DA:2657,3
DA:2658,3
DA:2659,3
DA:2660,3
DA:2661,3
DA:2662,3
DA:2663,3
DA:2664,3
DA:2665,3
DA:2666,3
DA:2667,3
DA:2668,3
DA:2669,3
DA:2670,3
DA:2671,3
DA:2672,3
DA:2673,3
DA:2674,3
DA:2675,3
DA:2676,3
DA:2677,3
DA:2678,3
DA:2679,3
DA:2680,3
DA:2681,3
DA:2682,3
DA:2683,3
DA:2684,3
DA:2685,3
DA:2686,3
DA:2687,3
DA:2688,3
DA:2689,3
DA:2690,3
DA:2691,3
DA:2692,3
DA:2693,3
DA:2694,3
DA:2695,3
DA:2696,3
DA:2697,3
DA:2698,3
DA:2699,3
DA:2700,3
DA:2701,3
DA:2702,3
DA:2703,3
DA:2704,3
DA:2705,3
DA:2706,3
DA:2707,3
DA:2708,3
DA:2709,3
DA:2710,3
DA:2711,0
DA:2712,0
DA:2713,0
DA:2714,0
DA:2715,0
DA:2716,0
DA:2717,0
DA:2718,0
DA:2719,0
DA:2720,0
DA:2721,0
DA:2722,0
DA:2723,0
DA:2724,0
DA:2725,0
DA:2726,0
DA:2727,0
DA:2728,0
DA:2729,0
DA:2730,0
DA:2731,0
DA:2732,0
DA:2733,0
DA:2734,0
DA:2735,0
DA:2736,0
DA:2737,0
DA:2738,0
DA:2739,0
DA:2740,0
DA:2741,0
DA:2742,0
DA:2743,0
DA:2744,0
DA:2745,0
DA:2746,0
DA:2747,0
DA:2748,0
DA:2749,0
DA:2750,0
DA:2751,0
DA:2752,0
DA:2753,0
DA:2754,0
DA:2755,0
DA:2756,0
DA:2757,0
DA:2758,0
DA:2759,0
DA:2760,0
DA:2761,0
DA:2762,0
DA:2763,0
DA:2764,0
DA:2765,0
DA:2766,0
DA:2767,0
DA:2768,0
DA:2769,0
DA:2770,0
DA:2771,0
DA:2772,0
DA:2773,0
DA:2774,0
DA:2775,0
DA:2776,0
DA:2777,0
DA:2778,0
DA:2779,0
DA:2780,0
DA:2781,0
DA:2782,0
DA:2783,0
DA:2784,0
DA:2785,0
DA:2786,0
DA:2787,0
DA:2788,0
DA:2789,0
DA:2790,0
DA:2791,0
DA:2792,0
DA:2793,0
DA:2794,0
DA:2795,0
DA:2796,0
DA:2797,0
DA:2798,0
DA:2799,0
DA:2800,0
DA:2801,0
DA:2802,0
DA:2803,0
DA:2804,0
DA:2805,0
DA:2806,0
DA:2807,0
DA:2808,0
DA:2809,0
DA:2810,0
DA:2811,0
DA:2812,0
DA:2813,0
DA:2814,0
DA:2815,0
DA:2816,0
DA:2817,0
DA:2818,0
DA:2819,0
DA:2820,0
DA:2821,0
DA:2822,0
DA:2823,0
DA:2824,0
DA:2825,0
DA:2826,0
DA:2827,0
DA:2828,0
DA:2829,0
DA:2830,0
DA:2831,0
DA:2832,0
DA:2833,3
DA:2834,3
DA:2835,3
DA:2836,3
DA:2837,3
DA:2838,3
DA:2839,3
DA:2840,3
DA:2841,3
DA:2842,3
DA:2843,3
DA:2844,3
DA:2845,3
DA:2846,3
DA:2847,3
DA:2848,3
DA:2849,3
DA:2850,3
DA:2851,3
DA:2852,3
DA:2853,3
DA:2854,3
DA:2855,3
DA:2856,3
DA:2857,3
DA:2858,3
DA:2859,3
DA:2860,3
DA:2861,3
DA:2862,3
DA:2863,3
DA:2864,3
DA:2865,3
DA:2866,3
DA:2867,3
DA:2868,3
DA:2869,3
DA:2870,3
DA:2871,3
DA:2872,3
DA:2873,3
DA:2874,3
DA:2875,3
DA:2876,3
DA:2877,3
DA:2878,3
DA:2879,3
DA:2880,3
DA:2881,3
DA:2882,3
DA:2883,3
DA:2884,3
DA:2885,3
DA:2886,3
DA:2887,3
DA:2888,3
DA:2889,3
DA:2890,3
DA:2891,3
DA:2892,3
DA:2893,3
DA:2894,3
DA:2895,3
DA:2896,3
DA:2897,3
DA:2898,3
DA:2899,3
DA:2900,3
DA:2901,3
DA:2902,3
DA:2903,3
DA:2904,3
DA:2905,3
DA:2906,3
DA:2907,3
DA:2908,3
DA:2909,3
DA:2910,3
DA:2911,3
DA:2912,3
DA:2913,3
DA:2914,3
DA:2915,3
DA:2916,3
DA:2917,3
DA:2918,3
DA:2919,3
DA:2920,3
DA:2921,3
DA:2922,3
DA:2923,3
DA:2924,3
DA:2925,3
DA:2926,3
DA:2927,3
DA:2928,3
DA:2929,3
DA:2930,3
DA:2931,3
DA:2932,3
DA:2933,3
DA:2934,3
DA:2935,3
DA:2936,3
DA:2937,3
DA:2938,3
DA:2939,3
DA:2940,3
DA:2941,3
DA:2942,3
DA:2943,3
DA:2944,3
DA:2945,3
DA:2946,3
DA:2947,3
DA:2948,3
DA:2949,3
DA:2950,3
DA:2951,3
DA:2952,3
DA:2953,3
DA:2954,3
DA:2955,3
DA:2956,3
DA:2957,3
DA:2958,3
DA:2959,3
DA:2960,3
DA:2961,3
DA:2962,3
DA:2963,3
DA:2964,3
DA:2965,3
DA:2966,3
DA:2967,3
DA:2968,3
DA:2969,3
DA:2970,3
DA:2971,3
DA:2972,3
DA:2973,3
DA:2974,3
DA:2975,3
DA:2976,3
DA:2977,3
DA:2978,3
DA:2979,3
DA:2980,3
DA:2981,3
DA:2982,3
DA:2983,3
DA:2984,3
DA:2985,3
DA:2986,3
DA:2987,3
DA:2988,3
DA:2989,3
DA:2990,3
DA:2991,3
DA:2992,3
DA:2993,3
DA:2994,3
DA:2995,3
DA:2996,3
DA:2997,3
DA:2998,3
DA:2999,3
DA:3000,3
DA:3001,3
DA:3002,3
DA:3003,3
DA:3004,3
DA:3005,0
DA:3006,0
DA:3007,0
DA:3008,0
DA:3009,0
DA:3010,0
DA:3011,0
DA:3012,0
DA:3013,0
DA:3014,0
DA:3015,0
DA:3016,0
DA:3017,0
DA:3018,0
DA:3019,0
DA:3020,0
DA:3021,0
DA:3022,0
DA:3023,0
DA:3024,0
DA:3025,0
DA:3026,0
DA:3027,0
DA:3028,0
DA:3029,0
DA:3030,0
DA:3031,0
DA:3032,0
DA:3033,0
DA:3034,0
DA:3035,0
DA:3036,0
DA:3037,0
DA:3038,0
DA:3039,0
DA:3040,0
DA:3041,0
DA:3042,0
DA:3043,0
DA:3044,0
DA:3045,0
DA:3046,0
DA:3047,0
DA:3048,0
DA:3049,0
DA:3050,0
DA:3051,0
DA:3052,0
DA:3053,0
DA:3054,0
DA:3055,0
DA:3056,0
DA:3057,0
DA:3058,0
DA:3059,0
DA:3060,0
DA:3061,0
DA:3062,0
DA:3063,0
DA:3064,0
DA:3065,0
DA:3066,0
DA:3067,0
DA:3068,0
DA:3069,0
DA:3070,0
DA:3071,0
DA:3072,0
DA:3073,0
DA:3074,0
DA:3075,0
DA:3076,0
DA:3077,0
DA:3078,0
DA:3079,0
DA:3080,0
DA:3081,0
DA:3082,0
DA:3083,0
DA:3084,0
DA:3085,0
DA:3086,0
DA:3087,0
DA:3088,0
DA:3089,0
DA:3090,0
DA:3091,0
DA:3092,0
DA:3093,0
DA:3094,0
DA:3095,0
DA:3096,0
DA:3097,0
DA:3098,0
DA:3099,0
DA:3100,0
DA:3101,0
DA:3102,0
DA:3103,0
DA:3104,0
DA:3105,0
DA:3106,0
DA:3107,0
DA:3108,0
DA:3109,0
DA:3110,0
DA:3111,0
DA:3112,0
DA:3113,0
DA:3114,0
DA:3115,0
DA:3116,0
DA:3117,0
DA:3118,0
DA:3119,0
DA:3120,0
DA:3121,0
DA:3122,0
DA:3123,0
DA:3124,0
DA:3125,0
DA:3126,0
DA:3127,0
DA:3128,3
DA:3129,3
DA:3130,3
DA:3131,3
DA:3132,3
DA:3133,3
DA:3134,3
DA:3135,3
DA:3136,3
DA:3137,3
DA:3138,3
DA:3139,3
DA:3140,3
DA:3141,3
DA:3142,3
DA:3143,3
DA:3144,3
DA:3145,3
DA:3146,3
DA:3147,3
DA:3148,3
DA:3149,3
DA:3150,3
DA:3151,3
DA:3152,3
DA:3153,3
DA:3154,3
DA:3155,3
DA:3156,3
DA:3157,3
DA:3158,3
DA:3159,3
DA:3160,3
DA:3161,3
DA:3162,3
DA:3163,3
DA:3164,3
DA:3165,3
DA:3166,3
DA:3167,3
DA:3168,3
DA:3169,3
DA:3170,3
DA:3171,3
DA:3172,3
DA:3173,3
DA:3174,3
DA:3175,3
DA:3176,3
DA:3177,3
DA:3178,3
DA:3179,3
DA:3180,3
DA:3181,3
DA:3182,3
DA:3183,3
DA:3184,3
DA:3185,3
DA:3186,3
DA:3187,3
DA:3188,3
DA:3189,3
DA:3190,3
DA:3191,3
DA:3192,3
DA:3193,3
DA:3194,3
DA:3195,3
DA:3196,3
DA:3197,3
DA:3198,3
DA:3199,3
DA:3200,0
DA:3201,0
DA:3202,0
DA:3203,0
DA:3204,0
DA:3205,0
DA:3206,0
DA:3207,0
DA:3208,0
DA:3209,0
DA:3210,0
DA:3211,3
DA:3212,3
DA:3213,3
DA:3214,3
DA:3215,3
DA:3216,3
DA:3217,3
DA:3218,3
DA:3219,3
DA:3220,3
DA:3221,3
DA:3222,3
DA:3223,3
DA:3224,3
DA:3225,3
DA:3226,3
DA:3227,3
DA:3228,3
DA:3229,3
DA:3230,3
DA:3231,3
DA:3232,3
DA:3233,3
DA:3234,3
DA:3235,3
DA:3236,3
DA:3237,3
DA:3238,0
DA:3239,3
DA:3240,3
DA:3241,3
DA:3242,3
DA:3243,3
DA:3244,3
DA:3245,3
DA:3246,3
DA:3247,3
DA:3248,3
DA:3249,3
DA:3250,3
DA:3251,3
DA:3252,3
DA:3253,3
DA:3254,3
DA:3255,3
DA:3256,3
DA:3257,3
DA:3258,3
DA:3259,3
DA:3260,3
DA:3261,3
DA:3262,3
DA:3263,3
DA:3264,3
DA:3265,3
DA:3266,3
DA:3267,3
DA:3268,3
DA:3269,3
DA:3270,3
DA:3271,3
DA:3272,3
DA:3273,3
DA:3274,3
DA:3275,3
DA:3276,3
DA:3277,3
DA:3278,3
DA:3279,3
DA:3280,0
DA:3281,0
DA:3282,0
DA:3283,0
DA:3284,0
DA:3285,0
DA:3286,0
DA:3287,0
DA:3288,0
DA:3289,3
DA:3290,3
DA:3291,3
DA:3292,3
DA:3293,3
DA:3294,3
DA:3295,3
DA:3296,3
DA:3297,3
DA:3298,3
DA:3299,3
DA:3300,3
DA:3301,3
DA:3302,3
DA:3303,3
DA:3304,3
DA:3305,3
DA:3306,3
DA:3307,3
DA:3308,3
DA:3309,3
DA:3310,3
DA:3311,3
DA:3312,3
DA:3313,3
DA:3314,3
DA:3315,3
DA:3316,3
DA:3317,3
DA:3318,3
DA:3319,3
DA:3320,3
DA:3321,3
DA:3322,3
DA:3323,3
DA:3324,3
DA:3325,3
DA:3326,3
DA:3327,3
DA:3328,3
DA:3329,3
DA:3330,3
DA:3331,3
DA:3332,3
DA:3333,3
DA:3334,0
DA:3335,0
DA:3336,0
DA:3337,0
DA:3338,0
DA:3339,0
DA:3340,0
DA:3341,0
DA:3342,0
DA:3343,0
DA:3344,0
DA:3345,0
DA:3346,0
DA:3347,0
DA:3348,0
DA:3349,0
DA:3350,0
DA:3351,0
DA:3352,0
DA:3353,0
DA:3354,3
DA:3355,3
DA:3356,3
DA:3357,3
DA:3358,3
DA:3359,3
DA:3360,3
DA:3361,3
DA:3362,0
DA:3363,0
DA:3364,0
DA:3365,0
DA:3366,0
DA:3367,0
DA:3368,0
DA:3369,0
DA:3370,0
DA:3371,0
DA:3372,0
DA:3373,0
DA:3374,0
DA:3375,0
DA:3376,0
DA:3377,0
DA:3378,0
DA:3379,0
DA:3380,0
DA:3381,0
DA:3382,0
DA:3383,0
DA:3384,0
DA:3385,3
DA:3386,3
DA:3387,3
DA:3388,3
DA:3389,3
DA:3390,3
DA:3391,3
DA:3392,3
DA:3393,3
DA:3394,3
DA:3395,3
DA:3396,3
DA:3397,3
DA:3398,3
DA:3399,3
DA:3400,3
DA:3401,3
DA:3402,3
DA:3403,3
DA:3404,3
DA:3405,3
DA:3406,3
DA:3407,3
DA:3408,3
DA:3409,3
DA:3410,3
DA:3411,3
DA:3412,3
DA:3413,3
DA:3414,3
DA:3415,3
DA:3416,3
DA:3417,3
DA:3418,3
DA:3419,3
DA:3420,3
DA:3421,3
DA:3422,3
DA:3423,3
DA:3424,3
DA:3425,3
DA:3426,3
DA:3427,3
DA:3428,3
DA:3429,3
DA:3430,3
DA:3431,3
DA:3432,3
DA:3433,3
DA:3434,3
DA:3435,3
DA:3436,3
DA:3437,3
DA:3438,3
DA:3439,3
DA:3440,3
DA:3441,3
DA:3442,3
DA:3443,3
DA:3444,3
DA:3445,3
DA:3446,3
DA:3447,3
DA:3448,3
DA:3449,3
DA:3450,3
DA:3451,3
DA:3452,3
DA:3453,3
DA:3454,3
DA:3455,3
DA:3456,3
DA:3457,3
DA:3458,3
DA:3459,0
DA:3460,0
DA:3461,0
DA:3462,0
DA:3463,0
DA:3464,0
DA:3465,0
DA:3466,0
DA:3467,0
DA:3468,0
DA:3469,0
DA:3470,0
DA:3471,0
DA:3472,0
DA:3473,0
DA:3474,0
DA:3475,0
DA:3476,0
DA:3477,0
DA:3478,0
DA:3479,0
DA:3480,0
DA:3481,0
DA:3482,0
DA:3483,0
DA:3484,0
DA:3485,0
DA:3486,0
DA:3487,0
DA:3488,0
DA:3489,0
DA:3490,0
DA:3491,3
DA:3492,3
DA:3493,3
DA:3494,3
DA:3495,3
DA:3496,3
DA:3497,3
DA:3498,3
DA:3499,3
DA:3500,3
DA:3501,3
DA:3502,3
DA:3503,3
DA:3504,3
DA:3505,3
DA:3506,3
DA:3507,3
DA:3508,3
DA:3509,3
DA:3510,3
DA:3511,3
DA:3512,3
DA:3513,3
DA:3514,3
DA:3515,3
DA:3516,3
DA:3517,3
DA:3518,3
DA:3519,3
DA:3520,3
DA:3521,3
DA:3522,3
DA:3523,3
DA:3524,3
DA:3525,3
DA:3526,3
DA:3527,3
DA:3528,3
DA:3529,3
DA:3530,3
DA:3531,3
DA:3532,3
DA:3533,0
DA:3534,0
DA:3535,0
DA:3536,0
DA:3537,0
DA:3538,0
DA:3539,0
DA:3540,0
DA:3541,0
DA:3542,0
DA:3543,0
DA:3544,0
DA:3545,0
DA:3546,0
DA:3547,0
DA:3548,0
DA:3549,0
DA:3550,0
DA:3551,0
DA:3552,0
DA:3553,0
DA:3554,0
DA:3555,0
DA:3556,0
DA:3557,0
DA:3558,0
DA:3559,0
DA:3560,0
DA:3561,0
DA:3562,0
DA:3563,0
DA:3564,0
DA:3565,3
DA:3566,3
DA:3567,3
DA:3568,3
DA:3569,3
DA:3570,3
DA:3571,3
DA:3572,3
DA:3573,3
DA:3574,3
DA:3575,3
DA:3576,3
DA:3577,3
DA:3578,3
DA:3579,3
DA:3580,3
DA:3581,3
DA:3582,3
DA:3583,3
DA:3584,3
DA:3585,3
DA:3586,3
DA:3587,3
DA:3588,3
DA:3589,3
DA:3590,3
DA:3591,3
DA:3592,3
DA:3593,3
DA:3594,3
DA:3595,3
DA:3596,3
DA:3597,3
DA:3598,3
DA:3599,3
DA:3600,3
DA:3601,3
DA:3602,3
DA:3603,3
DA:3604,3
DA:3605,3
DA:3606,3
DA:3607,3
DA:3608,3
DA:3609,3
DA:3610,3
DA:3611,3
DA:3612,3
DA:3613,3
DA:3614,3
DA:3615,3
DA:3616,3
DA:3617,3
DA:3618,3
DA:3619,3
DA:3620,3
DA:3621,3
DA:3622,3
DA:3623,3
DA:3624,3
DA:3625,3
DA:3626,3
DA:3627,3
DA:3628,3
DA:3629,3
DA:3630,3
DA:3631,3
DA:3632,3
DA:3633,3
DA:3634,3
DA:3635,3
DA:3636,3
DA:3637,3
DA:3638,3
DA:3639,3
DA:3640,3
DA:3641,3
DA:3642,3
DA:3643,3
DA:3644,3
DA:3645,3
DA:3646,3
DA:3647,3
DA:3648,3
DA:3649,3
DA:3650,3
DA:3651,3
DA:3652,3
DA:3653,3
DA:3654,3
DA:3655,3
DA:3656,3
DA:3657,3
DA:3658,3
DA:3659,3
DA:3660,3
DA:3661,3
DA:3662,3
DA:3663,3
DA:3664,3
DA:3665,3
DA:3666,3
DA:3667,3
DA:3668,0
DA:3669,0
DA:3670,0
DA:3671,0
DA:3672,0
DA:3673,0
DA:3674,0
DA:3675,0
DA:3676,0
DA:3677,0
DA:3678,0
DA:3679,0
DA:3680,0
DA:3681,0
DA:3682,0
DA:3683,0
DA:3684,0
DA:3685,0
DA:3686,0
DA:3687,0
DA:3688,0
DA:3689,0
DA:3690,0
DA:3691,0
DA:3692,0
DA:3693,0
DA:3694,0
DA:3695,0
DA:3696,0
DA:3697,0
DA:3698,0
DA:3699,3
DA:3700,3
DA:3701,3
DA:3702,3
DA:3703,3
DA:3704,3
DA:3705,3
DA:3706,3
DA:3707,3
DA:3708,3
DA:3709,3
DA:3710,3
DA:3711,3
DA:3712,3
DA:3713,3
DA:3714,3
DA:3715,3
DA:3716,3
DA:3717,3
DA:3718,3
DA:3719,3
DA:3720,3
DA:3721,3
DA:3722,3
DA:3723,3
DA:3724,3
DA:3725,3
DA:3726,3
DA:3727,3
DA:3728,3
DA:3729,3
DA:3730,3
DA:3731,3
DA:3732,3
DA:3733,3
DA:3734,3
DA:3735,3
DA:3736,3
DA:3737,3
DA:3738,3
DA:3739,3
DA:3740,3
DA:3741,3
DA:3742,3
DA:3743,3
DA:3744,3
DA:3745,3
DA:3746,3
DA:3747,3
DA:3748,3
DA:3749,3
DA:3750,3
DA:3751,3
DA:3752,3
DA:3753,3
DA:3754,3
DA:3755,3
DA:3756,3
DA:3757,3
DA:3758,3
DA:3759,3
DA:3760,3
DA:3761,3
DA:3762,3
DA:3763,3
DA:3764,3
DA:3765,3
DA:3766,3
DA:3767,3
DA:3768,3
DA:3769,3
DA:3770,3
DA:3771,3
DA:3772,3
DA:3773,3
DA:3774,3
DA:3775,3
DA:3776,3
DA:3777,3
DA:3778,3
DA:3779,3
DA:3780,3
DA:3781,3
DA:3782,3
DA:3783,3
DA:3784,3
DA:3785,0
DA:3786,0
DA:3787,0
DA:3788,0
DA:3789,0
DA:3790,0
DA:3791,0
DA:3792,0
DA:3793,0
DA:3794,0
DA:3795,0
DA:3796,0
DA:3797,0
DA:3798,0
DA:3799,0
DA:3800,0
DA:3801,0
DA:3802,0
DA:3803,0
DA:3804,0
DA:3805,0
DA:3806,0
DA:3807,0
DA:3808,0
DA:3809,0
DA:3810,0
DA:3811,0
DA:3812,0
DA:3813,0
DA:3814,0
DA:3815,0
DA:3816,0
DA:3817,0
DA:3818,3
DA:3819,3
DA:3820,3
DA:3821,3
DA:3822,3
DA:3823,3
DA:3824,3
DA:3825,3
DA:3826,3
DA:3827,3
DA:3828,3
DA:3829,3
DA:3830,3
DA:3831,3
DA:3832,3
DA:3833,3
DA:3834,3
DA:3835,3
DA:3836,3
DA:3837,3
DA:3838,3
DA:3839,3
DA:3840,3
DA:3841,3
DA:3842,3
DA:3843,3
DA:3844,3
DA:3845,3
DA:3846,3
DA:3847,3
DA:3848,3
DA:3849,3
DA:3850,3
DA:3851,3
DA:3852,3
DA:3853,3
DA:3854,3
DA:3855,3
DA:3856,3
DA:3857,3
DA:3858,3
DA:3859,3
DA:3860,3
DA:3861,3
DA:3862,3
DA:3863,3
DA:3864,3
DA:3865,3
DA:3866,3
DA:3867,3
DA:3868,3
DA:3869,3
DA:3870,3
DA:3871,3
DA:3872,3
DA:3873,3
DA:3874,3
DA:3875,3
DA:3876,3
DA:3877,3
DA:3878,3
DA:3879,3
DA:3880,3
DA:3881,3
DA:3882,3
DA:3883,3
DA:3884,3
DA:3885,3
DA:3886,3
DA:3887,3
DA:3888,3
DA:3889,3
DA:3890,3
DA:3891,3
DA:3892,3
DA:3893,3
DA:3894,3
DA:3895,3
DA:3896,3
DA:3897,3
DA:3898,3
DA:3899,3
DA:3900,3
DA:3901,3
DA:3902,3
DA:3903,3
DA:3904,0
DA:3905,0
DA:3906,0
DA:3907,0
DA:3908,0
DA:3909,0
DA:3910,0
DA:3911,0
DA:3912,0
DA:3913,0
DA:3914,0
DA:3915,0
DA:3916,0
DA:3917,0
DA:3918,0
DA:3919,0
DA:3920,0
DA:3921,0
DA:3922,0
DA:3923,0
DA:3924,0
DA:3925,0
DA:3926,0
DA:3927,0
DA:3928,0
DA:3929,0
DA:3930,0
DA:3931,0
DA:3932,0
DA:3933,0
DA:3934,0
DA:3935,0
DA:3936,0
DA:3937,3
DA:3938,3
DA:3939,3
DA:3940,3
DA:3941,3
DA:3942,3
DA:3943,3
DA:3944,3
DA:3945,3
DA:3946,3
DA:3947,3
DA:3948,3
DA:3949,3
DA:3950,3
DA:3951,3
DA:3952,3
DA:3953,3
DA:3954,3
DA:3955,3
DA:3956,3
DA:3957,3
DA:3958,3
DA:3959,3
DA:3960,3
DA:3961,3
DA:3962,3
DA:3963,3
DA:3964,3
DA:3965,3
DA:3966,3
DA:3967,3
DA:3968,3
DA:3969,3
DA:3970,3
DA:3971,3
DA:3972,3
DA:3973,3
DA:3974,3
DA:3975,3
DA:3976,3
DA:3977,3
DA:3978,3
DA:3979,3
DA:3980,3
DA:3981,3
DA:3982,3
DA:3983,3
DA:3984,3
DA:3985,3
DA:3986,3
DA:3987,3
DA:3988,3
DA:3989,3
DA:3990,3
DA:3991,3
DA:3992,3
DA:3993,3
DA:3994,3
DA:3995,3
DA:3996,3
DA:3997,3
DA:3998,3
DA:3999,3
DA:4000,3
DA:4001,3
DA:4002,3
DA:4003,3
DA:4004,3
DA:4005,3
DA:4006,3
DA:4007,3
DA:4008,3
DA:4009,3
DA:4010,0
DA:4011,0
DA:4012,0
DA:4013,0
DA:4014,0
DA:4015,0
DA:4016,0
DA:4017,0
DA:4018,0
DA:4019,0
DA:4020,0
DA:4021,0
DA:4022,0
DA:4023,0
DA:4024,0
DA:4025,0
DA:4026,0
DA:4027,0
DA:4028,0
DA:4029,3
DA:4030,3
DA:4031,3
DA:4032,3
DA:4033,3
DA:4034,3
DA:4035,3
DA:4036,3
DA:4037,3
DA:4038,3
DA:4039,3
DA:4040,3
DA:4041,3
DA:4042,3
DA:4043,3
DA:4044,3
DA:4045,3
DA:4046,3
DA:4047,3
DA:4048,3
DA:4049,3
DA:4050,3
DA:4051,3
DA:4052,3
DA:4053,3
DA:4054,3
DA:4055,3
DA:4056,3
DA:4057,3
DA:4058,3
DA:4059,3
DA:4060,3
DA:4061,3
DA:4062,3
DA:4063,0
DA:4064,0
DA:4065,0
DA:4066,0
DA:4067,0
DA:4068,0
DA:4069,0
DA:4070,0
DA:4071,0
DA:4072,0
DA:4073,0
DA:4074,0
DA:4075,0
DA:4076,3
DA:4077,3
DA:4078,3
DA:4079,3
DA:4080,3
DA:4081,3
DA:4082,3
DA:4083,3
DA:4084,3
DA:4085,3
DA:4086,3
DA:4087,3
DA:4088,3
DA:4089,3
DA:4090,3
DA:4091,3
DA:4092,3
DA:4093,3
DA:4094,3
DA:4095,3
DA:4096,3
DA:4097,3
DA:4098,3
DA:4099,3
DA:4100,3
DA:4101,3
DA:4102,3
DA:4103,3
DA:4104,3
DA:4105,3
DA:4106,3
DA:4107,3
DA:4108,0
DA:4109,0
DA:4110,0
DA:4111,0
DA:4112,0
DA:4113,0
DA:4114,0
DA:4115,0
DA:4116,0
DA:4117,0
DA:4118,0
DA:4119,0
DA:4120,0
DA:4121,3
DA:4122,3
DA:4123,3
DA:4124,3
DA:4125,3
DA:4126,3
DA:4127,3
DA:4128,3
DA:4129,3
DA:4130,3
DA:4131,3
DA:4132,3
DA:4133,3
DA:4134,3
DA:4135,3
DA:4136,3
DA:4137,3
DA:4138,3
DA:4139,3
DA:4140,3
DA:4141,3
DA:4142,3
DA:4143,3
DA:4144,3
DA:4145,3
DA:4146,3
DA:4147,3
DA:4148,3
DA:4149,3
DA:4150,0
DA:4151,0
DA:4152,0
DA:4153,0
DA:4154,0
DA:4155,0
DA:4156,0
DA:4157,0
DA:4158,0
DA:4159,0
DA:4160,0
DA:4161,0
DA:4162,0
DA:4163,3
DA:4164,3
DA:4165,3
DA:4166,3
DA:4167,3
DA:4168,3
DA:4169,3
DA:4170,3
DA:4171,3
DA:4172,3
DA:4173,3
DA:4174,3
DA:4175,3
DA:4176,3
DA:4177,3
DA:4178,3
DA:4179,3
DA:4180,3
DA:4181,3
DA:4182,3
DA:4183,3
DA:4184,3
DA:4185,3
DA:4186,3
DA:4187,3
DA:4188,3
DA:4189,3
DA:4190,3
DA:4191,3
DA:4192,3
DA:4193,3
DA:4194,3
DA:4195,3
DA:4196,3
DA:4197,3
DA:4198,3
DA:4199,3
DA:4200,3
DA:4201,3
DA:4202,3
DA:4203,3
DA:4204,3
DA:4205,3
DA:4206,3
DA:4207,3
DA:4208,3
DA:4209,3
DA:4210,3
DA:4211,3
DA:4212,3
DA:4213,3
DA:4214,3
DA:4215,3
DA:4216,0
DA:4217,0
DA:4218,0
DA:4219,0
DA:4220,0
DA:4221,0
DA:4222,3
DA:4223,3
DA:4224,3
DA:4225,3
DA:4226,3
DA:4227,3
DA:4228,3
DA:4229,3
DA:4230,3
DA:4231,3
DA:4232,3
DA:4233,3
DA:4234,3
DA:4235,3
DA:4236,3
DA:4237,3
DA:4238,3
DA:4239,3
DA:4240,3
DA:4241,3
DA:4242,3
DA:4243,3
DA:4244,3
DA:4245,3
DA:4246,3
DA:4247,3
DA:4248,3
DA:4249,3
DA:4250,3
DA:4251,3
DA:4252,3
DA:4253,3
DA:4254,3
DA:4255,3
DA:4256,3
DA:4257,3
DA:4258,3
DA:4259,3
DA:4260,3
DA:4261,0
DA:4262,0
DA:4263,0
DA:4264,0
DA:4265,0
DA:4266,3
DA:4267,3
DA:4268,3
DA:4269,3
DA:4270,3
DA:4271,3
DA:4272,3
DA:4273,3
DA:4274,3
DA:4275,3
DA:4276,3
DA:4277,3
DA:4278,3
DA:4279,3
DA:4280,3
DA:4281,3
DA:4282,3
DA:4283,3
DA:4284,3
DA:4285,3
DA:4286,3
DA:4287,3
DA:4288,3
DA:4289,3
DA:4290,3
DA:4291,3
DA:4292,0
DA:4293,0
DA:4294,0
DA:4295,0
DA:4296,0
DA:4297,0
DA:4298,0
DA:4299,0
DA:4300,0
DA:4301,0
DA:4302,0
DA:4303,0
DA:4304,0
DA:4305,3
DA:4306,3
DA:4307,3
DA:4308,3
DA:4309,3
DA:4310,3
DA:4311,3
DA:4312,3
DA:4313,3
DA:4314,3
DA:4315,3
DA:4316,3
DA:4317,3
DA:4318,3
DA:4319,3
DA:4320,3
DA:4321,3
DA:4322,3
DA:4323,3
DA:4324,0
DA:4325,3
DA:4326,3
DA:4327,3
DA:4328,3
DA:4329,3
DA:4330,3
DA:4331,3
DA:4332,3
DA:4333,3
DA:4334,3
DA:4335,3
DA:4336,3
DA:4337,3
DA:4338,3
DA:4339,3
DA:4340,3
DA:4341,3
DA:4342,3
DA:4343,3
DA:4344,0
DA:4345,3
DA:4346,3
DA:4347,3
DA:4348,3
DA:4349,3
DA:4350,3
DA:4351,3
DA:4352,3
DA:4353,3
DA:4354,3
DA:4355,3
DA:4356,3
DA:4357,3
DA:4358,3
DA:4359,3
DA:4360,3
DA:4361,3
DA:4362,3
DA:4363,0
DA:4364,0
DA:4365,0
DA:4366,0
DA:4367,0
DA:4368,0
DA:4369,0
DA:4370,0
DA:4371,0
DA:4372,3
DA:4373,3
DA:4374,3
DA:4375,3
DA:4376,3
DA:4377,3
DA:4378,3
DA:4379,3
DA:4380,3
DA:4381,3
DA:4382,3
DA:4383,3
DA:4384,3
DA:4385,3
DA:4386,3
DA:4387,3
DA:4388,3
DA:4389,3
DA:4390,3
DA:4391,0
DA:4392,0
DA:4393,0
DA:4394,0
DA:4395,0
DA:4396,0
DA:4397,0
DA:4398,0
DA:4399,0
DA:4400,3
DA:4401,3
DA:4402,3
DA:4403,3
DA:4404,3
DA:4405,3
DA:4406,3
DA:4407,3
DA:4408,3
DA:4409,3
DA:4410,3
DA:4411,3
DA:4412,3
DA:4413,3
DA:4414,3
DA:4415,3
DA:4416,3
DA:4417,3
DA:4418,3
DA:4419,0
DA:4420,3
DA:4421,3
DA:4422,3
DA:4423,3
DA:4424,3
DA:4425,3
DA:4426,3
DA:4427,3
DA:4428,3
DA:4429,3
DA:4430,3
DA:4431,3
DA:4432,3
DA:4433,3
DA:4434,3
DA:4435,3
DA:4436,3
DA:4437,3
DA:4438,0
DA:4439,3
DA:4440,3
DA:4441,3
DA:4442,3
DA:4443,3
DA:4444,3
DA:4445,3
DA:4446,3
DA:4447,3
DA:4448,3
DA:4449,3
DA:4450,3
DA:4451,3
DA:4452,3
DA:4453,3
DA:4454,3
DA:4455,3
DA:4456,3
DA:4457,3
DA:4458,0
DA:4459,3
DA:4460,3
DA:4461,3
DA:4462,3
DA:4463,3
DA:4464,3
DA:4465,3
DA:4466,3
DA:4467,3
DA:4468,3
DA:4469,3
DA:4470,3
DA:4471,3
DA:4472,3
DA:4473,3
DA:4474,3
DA:4475,3
DA:4476,3
DA:4477,0
DA:4478,3
DA:4479,3
DA:4480,3
DA:4481,3
DA:4482,3
DA:4483,3
DA:4484,3
DA:4485,3
DA:4486,3
DA:4487,3
DA:4488,3
DA:4489,3
DA:4490,3
DA:4491,3
DA:4492,3
DA:4493,3
DA:4494,3
DA:4495,3
DA:4496,0
DA:4497,3
DA:4498,3
DA:4499,3
DA:4500,3
DA:4501,3
DA:4502,3
DA:4503,3
DA:4504,3
DA:4505,3
DA:4506,3
DA:4507,3
DA:4508,3
DA:4509,3
DA:4510,3
DA:4511,3
DA:4512,3
DA:4513,3
DA:4514,3
DA:4515,3
DA:4516,0
DA:4517,3
DA:4518,3
DA:4519,3
DA:4520,3
DA:4521,3
DA:4522,3
DA:4523,3
DA:4524,3
DA:4525,3
DA:4526,3
DA:4527,3
DA:4528,3
DA:4529,3
DA:4530,3
DA:4531,3
DA:4532,3
DA:4533,3
DA:4534,3
DA:4535,0
DA:4536,3
DA:4537,3
DA:4538,3
DA:4539,3
DA:4540,3
DA:4541,3
DA:4542,3
DA:4543,3
DA:4544,3
DA:4545,3
DA:4546,3
DA:4547,3
DA:4548,3
DA:4549,3
DA:4550,3
DA:4551,3
DA:4552,3
DA:4553,3
DA:4554,3
DA:4555,0
DA:4556,3
DA:4557,3
DA:4558,3
DA:4559,3
DA:4560,3
DA:4561,3
DA:4562,3
DA:4563,3
DA:4564,3
DA:4565,3
DA:4566,3
DA:4567,3
DA:4568,3
DA:4569,3
DA:4570,3
DA:4571,3
DA:4572,3
DA:4573,3
DA:4574,0
DA:4575,3
DA:4576,3
DA:4577,3
DA:4578,3
DA:4579,3
DA:4580,3
DA:4581,3
DA:4582,3
DA:4583,3
DA:4584,3
DA:4585,3
DA:4586,3
DA:4587,3
DA:4588,3
DA:4589,3
DA:4590,3
DA:4591,3
DA:4592,3
DA:4593,0
DA:4594,3
DA:4595,3
DA:4596,3
DA:4597,3
DA:4598,3
DA:4599,3
DA:4600,3
DA:4601,3
DA:4602,3
DA:4603,3
DA:4604,3
DA:4605,3
DA:4606,3
DA:4607,3
DA:4608,3
DA:4609,3
DA:4610,3
DA:4611,3
DA:4612,0
DA:4613,3
DA:4614,3
DA:4615,3
DA:4616,3
DA:4617,3
DA:4618,3
DA:4619,3
DA:4620,3
DA:4621,3
DA:4622,3
DA:4623,3
DA:4624,3
DA:4625,3
DA:4626,3
DA:4627,3
DA:4628,3
DA:4629,3
DA:4630,3
DA:4631,0
DA:4632,3
DA:4633,3
DA:4634,3
DA:4635,3
DA:4636,3
DA:4637,3
DA:4638,3
DA:4639,3
DA:4640,3
DA:4641,3
DA:4642,3
DA:4643,3
DA:4644,3
DA:4645,3
DA:4646,3
DA:4647,3
DA:4648,3
DA:4649,0
DA:4650,3
DA:4651,3
DA:4652,3
DA:4653,3
DA:4654,3
DA:4655,3
DA:4656,3
DA:4657,3
DA:4658,3
DA:4659,3
DA:4660,3
DA:4661,3
DA:4662,3
DA:4663,3
DA:4664,3
DA:4665,3
DA:4666,3
DA:4667,3
DA:4668,0
DA:4669,3
DA:4670,3
DA:4671,3
DA:4672,3
DA:4673,3
DA:4674,3
DA:4675,3
DA:4676,3
DA:4677,3
DA:4678,3
DA:4679,3
DA:4680,3
DA:4681,3
DA:4682,3
DA:4683,3
DA:4684,3
DA:4685,3
DA:4686,0
DA:4687,3
DA:4688,3
DA:4689,3
DA:4690,3
DA:4691,3
DA:4692,3
DA:4693,3
DA:4694,3
DA:4695,3
DA:4696,3
DA:4697,3
DA:4698,3
DA:4699,3
DA:4700,3
DA:4701,3
DA:4702,3
DA:4703,0
DA:4704,3
DA:4705,3
DA:4706,3
DA:4707,3
DA:4708,3
DA:4709,3
DA:4710,3
DA:4711,3
DA:4712,3
DA:4713,3
DA:4714,3
DA:4715,3
DA:4716,3
DA:4717,3
DA:4718,3
DA:4719,3
DA:4720,3
DA:4721,3
DA:4722,3
DA:4723,0
DA:4724,3
DA:4725,3
DA:4726,3
DA:4727,3
DA:4728,3
DA:4729,3
DA:4730,3
DA:4731,3
DA:4732,3
DA:4733,3
DA:4734,3
DA:4735,3
DA:4736,3
DA:4737,3
DA:4738,3
DA:4739,3
DA:4740,3
DA:4741,3
DA:4742,3
DA:4743,3
DA:4744,3
DA:4745,0
DA:4746,3
DA:4747,3
DA:4748,3
DA:4749,3
DA:4750,3
DA:4751,3
DA:4752,3
DA:4753,3
DA:4754,3
DA:4755,3
DA:4756,3
DA:4757,3
DA:4758,3
DA:4759,3
DA:4760,3
DA:4761,3
DA:4762,3
DA:4763,3
DA:4764,0
DA:4765,3
DA:4766,3
DA:4767,3
DA:4768,3
DA:4769,3
DA:4770,3
DA:4771,3
DA:4772,3
DA:4773,3
DA:4774,3
DA:4775,3
DA:4776,3
DA:4777,3
DA:4778,3
DA:4779,3
DA:4780,3
DA:4781,3
DA:4782,3
DA:4783,0
DA:4784,3
DA:4785,3
DA:4786,3
DA:4787,3
DA:4788,3
DA:4789,3
DA:4790,3
DA:4791,3
DA:4792,3
DA:4793,3
DA:4794,3
DA:4795,3
DA:4796,3
DA:4797,3
DA:4798,3
DA:4799,3
DA:4800,3
DA:4801,3
DA:4802,0
DA:4803,3
DA:4804,3
DA:4805,3
DA:4806,3
DA:4807,3
DA:4808,3
DA:4809,3
DA:4810,3
DA:4811,3
DA:4812,3
DA:4813,3
DA:4814,3
DA:4815,3
DA:4816,3
DA:4817,3
DA:4818,3
DA:4819,3
DA:4820,3
DA:4821,0
DA:4822,3
DA:4823,3
DA:4824,3
DA:4825,3
DA:4826,3
DA:4827,3
DA:4828,3
DA:4829,3
DA:4830,3
DA:4831,3
DA:4832,3
DA:4833,3
DA:4834,3
DA:4835,3
DA:4836,3
DA:4837,3
DA:4838,3
DA:4839,3
DA:4840,3
DA:4841,0
DA:4842,3
DA:4843,3
DA:4844,3
DA:4845,3
DA:4846,3
DA:4847,3
DA:4848,3
DA:4849,3
DA:4850,3
DA:4851,3
DA:4852,3
DA:4853,3
DA:4854,3
DA:4855,3
DA:4856,3
DA:4857,3
DA:4858,3
DA:4859,3
DA:4860,3
DA:4861,0
DA:4862,3
DA:4863,3
DA:4864,3
DA:4865,3
DA:4866,3
DA:4867,3
DA:4868,3
DA:4869,3
DA:4870,3
DA:4871,3
DA:4872,3
DA:4873,3
DA:4874,3
DA:4875,3
DA:4876,3
DA:4877,3
DA:4878,3
DA:4879,3
DA:4880,0
DA:4881,3
DA:4882,3
DA:4883,3
DA:4884,3
DA:4885,3
DA:4886,3
DA:4887,3
DA:4888,3
DA:4889,3
DA:4890,3
DA:4891,3
DA:4892,3
DA:4893,3
DA:4894,3
DA:4895,3
DA:4896,3
DA:4897,3
DA:4898,3
DA:4899,0
DA:4900,3
DA:4901,3
DA:4902,3
DA:4903,3
DA:4904,3
DA:4905,3
DA:4906,3
DA:4907,3
DA:4908,3
DA:4909,3
DA:4910,3
DA:4911,3
DA:4912,3
DA:4913,3
DA:4914,3
DA:4915,3
DA:4916,3
DA:4917,3
DA:4918,0
DA:4919,3
DA:4920,3
DA:4921,3
DA:4922,3
DA:4923,3
DA:4924,3
DA:4925,3
DA:4926,3
DA:4927,3
DA:4928,3
DA:4929,3
DA:4930,3
DA:4931,3
DA:4932,3
DA:4933,3
DA:4934,3
DA:4935,3
DA:4936,3
DA:4937,0
DA:4938,3
DA:4939,3
DA:4940,3
DA:4941,3
DA:4942,3
DA:4943,3
DA:4944,3
DA:4945,3
DA:4946,3
DA:4947,3
DA:4948,3
DA:4949,3
DA:4950,3
DA:4951,3
DA:4952,3
DA:4953,3
DA:4954,3
DA:4955,3
DA:4956,0
DA:4957,3
DA:4958,3
DA:4959,3
DA:4960,3
DA:4961,3
DA:4962,3
DA:4963,3
DA:4964,3
DA:4965,3
DA:4966,3
DA:4967,3
DA:4968,3
DA:4969,3
DA:4970,3
DA:4971,3
DA:4972,3
DA:4973,3
DA:4974,3
DA:4975,0
DA:4976,3
DA:4977,3
DA:4978,3
DA:4979,3
DA:4980,3
DA:4981,3
DA:4982,3
DA:4983,3
DA:4984,3
DA:4985,3
DA:4986,3
DA:4987,3
DA:4988,3
DA:4989,3
DA:4990,3
DA:4991,3
DA:4992,3
DA:4993,3
DA:4994,3
DA:4995,3
DA:4996,0
DA:4997,3
DA:4998,3
DA:4999,3
DA:5000,3
DA:5001,3
DA:5002,3
DA:5003,3
DA:5004,3
DA:5005,3
DA:5006,3
DA:5007,3
DA:5008,3
DA:5009,3
DA:5010,3
DA:5011,3
DA:5012,3
DA:5013,3
DA:5014,3
DA:5015,3
DA:5016,3
DA:5017,3
DA:5018,0
DA:5019,3
DA:5020,3
DA:5021,3
DA:5022,3
DA:5023,3
DA:5024,3
DA:5025,3
DA:5026,3
DA:5027,3
DA:5028,3
DA:5029,3
DA:5030,3
DA:5031,3
DA:5032,3
DA:5033,3
DA:5034,3
DA:5035,3
DA:5036,3
DA:5037,3
DA:5038,3
DA:5039,3
DA:5040,0
DA:5041,3
DA:5042,3
DA:5043,3
DA:5044,3
DA:5045,3
DA:5046,3
DA:5047,3
DA:5048,3
DA:5049,3
DA:5050,3
DA:5051,3
DA:5052,3
DA:5053,3
DA:5054,3
DA:5055,3
DA:5056,3
DA:5057,3
DA:5058,3
DA:5059,3
DA:5060,3
DA:5061,3
DA:5062,3
DA:5063,3
DA:5064,3
DA:5065,0
DA:5066,3
DA:5067,3
DA:5068,3
DA:5069,3
DA:5070,3
DA:5071,3
DA:5072,3
DA:5073,3
DA:5074,3
DA:5075,3
DA:5076,3
DA:5077,3
DA:5078,3
DA:5079,3
DA:5080,3
DA:5081,3
DA:5082,3
DA:5083,3
DA:5084,3
DA:5085,0
DA:5086,3
DA:5087,3
DA:5088,3
DA:5089,3
DA:5090,3
DA:5091,3
DA:5092,3
DA:5093,3
DA:5094,3
DA:5095,3
DA:5096,3
DA:5097,3
DA:5098,3
DA:5099,3
DA:5100,3
DA:5101,3
DA:5102,3
DA:5103,3
DA:5104,3
DA:5105,3
DA:5106,3
DA:5107,0
DA:5108,3
DA:5109,3
DA:5110,3
DA:5111,3
DA:5112,3
DA:5113,3
DA:5114,3
DA:5115,3
DA:5116,3
DA:5117,3
DA:5118,3
DA:5119,3
DA:5120,3
DA:5121,3
DA:5122,3
DA:5123,3
DA:5124,3
DA:5125,3
DA:5126,3
DA:5127,3
DA:5128,3
DA:5129,0
DA:5130,0
DA:5131,3
DA:5132,3
DA:5133,3
DA:5134,3
DA:5135,3
DA:5136,3
DA:5137,3
DA:5138,3
DA:5139,3
DA:5140,3
DA:5141,3
DA:5142,3
DA:5143,3
DA:5144,3
DA:5145,3
DA:5146,3
DA:5147,3
DA:5148,3
DA:5149,3
DA:5150,3
DA:5151,3
DA:5152,3
DA:5153,3
DA:5154,3
DA:5155,3
DA:5156,3
DA:5157,3
DA:5158,3
DA:5159,3
DA:5160,3
DA:5161,3
DA:5162,3
DA:5163,3
DA:5164,3
DA:5165,0
DA:5166,3
DA:5167,3
DA:5168,3
DA:5169,3
DA:5170,3
DA:5171,3
DA:5172,3
DA:5173,3
DA:5174,3
DA:5175,3
DA:5176,3
DA:5177,3
DA:5178,3
DA:5179,3
DA:5180,3
DA:5181,3
DA:5182,3
DA:5183,3
DA:5184,3
DA:5185,3
DA:5186,3
DA:5187,3
DA:5188,3
DA:5189,3
DA:5190,3
DA:5191,3
DA:5192,3
DA:5193,3
DA:5194,3
DA:5195,3
DA:5196,3
DA:5197,3
DA:5198,3
DA:5199,3
DA:5200,3
DA:5201,0
DA:5202,3
DA:5203,3
DA:5204,3
DA:5205,3
DA:5206,3
DA:5207,3
DA:5208,3
DA:5209,3
DA:5210,3
DA:5211,3
DA:5212,3
DA:5213,3
DA:5214,3
DA:5215,3
DA:5216,3
DA:5217,3
DA:5218,3
DA:5219,3
DA:5220,3
DA:5221,3
DA:5222,3
DA:5223,3
DA:5224,3
DA:5225,3
DA:5226,0
DA:5227,3
DA:5228,3
DA:5229,3
DA:5230,3
DA:5231,3
DA:5232,3
DA:5233,3
DA:5234,3
DA:5235,3
DA:5236,3
DA:5237,3
DA:5238,3
DA:5239,3
DA:5240,3
DA:5241,3
DA:5242,3
DA:5243,3
DA:5244,3
DA:5245,3
DA:5246,3
DA:5247,3
DA:5248,3
DA:5249,3
DA:5250,3
DA:5251,0
DA:5252,3
DA:5253,3
DA:5254,3
DA:5255,3
DA:5256,3
DA:5257,3
DA:5258,3
DA:5259,3
DA:5260,3
DA:5261,3
DA:5262,3
DA:5263,3
DA:5264,3
DA:5265,3
DA:5266,3
DA:5267,3
DA:5268,3
DA:5269,3
DA:5270,3
DA:5271,3
DA:5272,3
DA:5273,3
DA:5274,3
DA:5275,3
DA:5276,0
DA:5277,3
DA:5278,3
DA:5279,3
DA:5280,3
DA:5281,3
DA:5282,3
DA:5283,3
DA:5284,3
DA:5285,3
DA:5286,3
DA:5287,3
DA:5288,3
DA:5289,3
DA:5290,3
DA:5291,3
DA:5292,3
DA:5293,3
DA:5294,3
DA:5295,3
DA:5296,3
DA:5297,3
DA:5298,3
DA:5299,3
DA:5300,3
DA:5301,0
DA:5302,0
DA:5303,3
DA:5304,3
DA:5305,3
DA:5306,3
DA:5307,3
DA:5308,3
DA:5309,3
DA:5310,3
DA:5311,3
DA:5312,3
DA:5313,3
DA:5314,3
DA:5315,3
DA:5316,3
DA:5317,3
DA:5318,3
DA:5319,3
DA:5320,3
DA:5321,3
DA:5322,3
DA:5323,3
DA:5324,3
DA:5325,3
DA:5326,3
DA:5327,0
DA:5328,0
DA:5329,3
DA:5330,3
DA:5331,3
DA:5332,3
DA:5333,3
DA:5334,3
DA:5335,3
DA:5336,3
DA:5337,3
DA:5338,3
DA:5339,3
DA:5340,3
DA:5341,3
DA:5342,3
DA:5343,3
DA:5344,3
DA:5345,3
DA:5346,3
DA:5347,3
DA:5348,3
DA:5349,3
DA:5350,3
DA:5351,3
DA:5352,3
DA:5353,0
DA:5354,0
DA:5355,3
DA:5356,3
DA:5357,3
DA:5358,3
DA:5359,3
DA:5360,3
DA:5361,3
DA:5362,3
DA:5363,3
DA:5364,3
DA:5365,3
DA:5366,3
DA:5367,3
DA:5368,3
DA:5369,3
DA:5370,3
DA:5371,3
DA:5372,3
DA:5373,3
DA:5374,3
DA:5375,0
DA:5376,3
DA:5377,3
DA:5378,3
DA:5379,3
DA:5380,3
DA:5381,3
DA:5382,3
DA:5383,3
DA:5384,3
DA:5385,3
DA:5386,3
DA:5387,3
DA:5388,3
DA:5389,3
DA:5390,3
DA:5391,3
DA:5392,3
DA:5393,3
DA:5394,3
DA:5395,3
DA:5396,3
DA:5397,3
DA:5398,0
DA:5399,3
DA:5400,3
DA:5401,3
DA:5402,3
DA:5403,3
DA:5404,3
DA:5405,3
DA:5406,3
DA:5407,3
DA:5408,3
DA:5409,3
DA:5410,3
DA:5411,3
DA:5412,3
DA:5413,3
DA:5414,3
DA:5415,3
DA:5416,3
DA:5417,3
DA:5418,3
DA:5419,0
DA:5420,0
DA:5421,3
DA:5422,3
DA:5423,3
DA:5424,3
DA:5425,3
DA:5426,3
DA:5427,3
DA:5428,3
DA:5429,3
DA:5430,3
DA:5431,3
DA:5432,3
DA:5433,3
DA:5434,3
DA:5435,3
DA:5436,3
DA:5437,3
DA:5438,3
DA:5439,3
DA:5440,3
DA:5441,0
DA:5442,0
DA:5443,3
DA:5444,3
DA:5445,3
DA:5446,3
DA:5447,3
DA:5448,3
DA:5449,3
DA:5450,3
DA:5451,3
DA:5452,3
DA:5453,3
DA:5454,3
DA:5455,3
DA:5456,3
DA:5457,3
DA:5458,3
DA:5459,3
DA:5460,3
DA:5461,0
DA:5462,3
DA:5463,3
DA:5464,3
DA:5465,3
DA:5466,3
DA:5467,3
DA:5468,3
DA:5469,3
DA:5470,3
DA:5471,3
DA:5472,3
DA:5473,3
DA:5474,3
DA:5475,3
DA:5476,3
DA:5477,3
DA:5478,3
DA:5479,3
DA:5480,0
DA:5481,3
DA:5482,3
DA:5483,3
DA:5484,3
DA:5485,3
DA:5486,3
DA:5487,3
DA:5488,3
DA:5489,3
DA:5490,3
DA:5491,3
DA:5492,3
DA:5493,3
DA:5494,3
DA:5495,3
DA:5496,3
DA:5497,3
DA:5498,3
DA:5499,3
DA:5500,3
DA:5501,0
DA:5502,3
DA:5503,3
DA:5504,3
DA:5505,3
DA:5506,3
DA:5507,3
DA:5508,3
DA:5509,3
DA:5510,3
DA:5511,3
DA:5512,3
DA:5513,3
DA:5514,3
DA:5515,3
DA:5516,3
DA:5517,3
DA:5518,3
DA:5519,3
DA:5520,3
DA:5521,0
DA:5522,0
DA:5523,3
DA:5524,3
DA:5525,3
DA:5526,3
DA:5527,3
DA:5528,3
DA:5529,3
DA:5530,3
DA:5531,3
DA:5532,3
DA:5533,3
DA:5534,3
DA:5535,3
DA:5536,3
DA:5537,3
DA:5538,3
DA:5539,3
DA:5540,3
DA:5541,3
DA:5542,3
DA:5543,3
DA:5544,0
DA:5545,0
DA:5546,3
DA:5547,3
DA:5548,3
DA:5549,3
DA:5550,3
DA:5551,3
DA:5552,3
DA:5553,3
DA:5554,3
DA:5555,3
DA:5556,3
DA:5557,3
DA:5558,3
DA:5559,3
DA:5560,3
DA:5561,3
DA:5562,3
DA:5563,3
DA:5564,3
DA:5565,3
DA:5566,3
DA:5567,3
DA:5568,0
DA:5569,0
DA:5570,3
DA:5571,3
DA:5572,3
DA:5573,3
DA:5574,3
DA:5575,3
DA:5576,3
DA:5577,3
DA:5578,3
DA:5579,3
DA:5580,3
DA:5581,3
DA:5582,3
DA:5583,3
DA:5584,3
DA:5585,3
DA:5586,3
DA:5587,3
DA:5588,3
DA:5589,3
DA:5590,0
DA:5591,0
DA:5592,3
DA:5593,3
DA:5594,3
DA:5595,3
DA:5596,3
DA:5597,3
DA:5598,3
DA:5599,3
DA:5600,3
DA:5601,3
DA:5602,3
DA:5603,3
DA:5604,3
DA:5605,3
DA:5606,3
DA:5607,3
DA:5608,3
DA:5609,3
DA:5610,3
DA:5611,3
DA:5612,3
DA:5613,3
DA:5614,0
DA:5615,0
DA:5616,3
DA:5617,3
DA:5618,3
DA:5619,3
DA:5620,3
DA:5621,3
DA:5622,3
DA:5623,3
DA:5624,3
DA:5625,3
DA:5626,3
DA:5627,3
DA:5628,3
DA:5629,3
DA:5630,3
DA:5631,3
DA:5632,3
DA:5633,3
DA:5634,0
DA:5635,0
DA:5636,3
DA:5637,3
DA:5638,3
DA:5639,3
DA:5640,3
DA:5641,3
DA:5642,3
DA:5643,3
DA:5644,3
DA:5645,3
DA:5646,3
DA:5647,3
DA:5648,3
DA:5649,3
DA:5650,3
DA:5651,3
DA:5652,3
DA:5653,3
DA:5654,3
DA:5655,0
DA:5656,0
DA:5657,3
DA:5658,3
DA:5659,3
DA:5660,3
DA:5661,3
DA:5662,3
DA:5663,3
DA:5664,3
DA:5665,3
DA:5666,3
DA:5667,3
DA:5668,3
DA:5669,3
DA:5670,3
DA:5671,3
DA:5672,3
DA:5673,3
DA:5674,3
DA:5675,3
DA:5676,3
DA:5677,0
DA:5678,0
DA:5679,3
DA:5680,3
DA:5681,3
DA:5682,3
DA:5683,3
DA:5684,3
DA:5685,3
DA:5686,3
DA:5687,3
DA:5688,3
DA:5689,3
DA:5690,3
DA:5691,3
DA:5692,3
DA:5693,3
DA:5694,3
DA:5695,3
DA:5696,3
DA:5697,3
DA:5698,3
DA:5699,3
DA:5700,0
DA:5701,0
DA:5702,3
DA:5703,3
DA:5704,3
DA:5705,3
DA:5706,3
DA:5707,3
DA:5708,3
DA:5709,3
DA:5710,3
DA:5711,3
DA:5712,3
DA:5713,3
DA:5714,3
DA:5715,3
DA:5716,3
DA:5717,3
DA:5718,3
DA:5719,3
DA:5720,3
DA:5721,3
DA:5722,0
DA:5723,0
DA:5724,3
DA:5725,3
DA:5726,3
DA:5727,3
DA:5728,3
DA:5729,3
DA:5730,3
DA:5731,3
DA:5732,3
DA:5733,3
DA:5734,3
DA:5735,3
DA:5736,3
DA:5737,3
DA:5738,3
DA:5739,3
DA:5740,3
DA:5741,3
DA:5742,3
DA:5743,3
DA:5744,3
DA:5745,3
DA:5746,3
DA:5747,0
DA:5748,0
DA:5749,3
DA:5750,3
DA:5751,3
DA:5752,3
DA:5753,3
DA:5754,3
DA:5755,3
DA:5756,3
DA:5757,3
DA:5758,3
DA:5759,3
DA:5760,3
DA:5761,3
DA:5762,3
DA:5763,3
DA:5764,3
DA:5765,3
DA:5766,3
DA:5767,3
DA:5768,3
DA:5769,0
DA:5770,0
DA:5771,3
DA:5772,3
DA:5773,3
DA:5774,3
DA:5775,3
DA:5776,3
DA:5777,3
DA:5778,3
DA:5779,3
DA:5780,3
DA:5781,3
DA:5782,3
DA:5783,3
DA:5784,3
DA:5785,3
DA:5786,3
DA:5787,3
DA:5788,3
DA:5789,3
DA:5790,3
DA:5791,0
DA:5792,0
DA:5793,3
DA:5794,3
DA:5795,3
DA:5796,3
DA:5797,3
DA:5798,3
DA:5799,3
DA:5800,3
DA:5801,3
DA:5802,3
DA:5803,3
DA:5804,3
DA:5805,3
DA:5806,3
DA:5807,3
DA:5808,3
DA:5809,3
DA:5810,3
DA:5811,3
DA:5812,3
DA:5813,3
DA:5814,0
DA:5815,0
DA:5816,3
DA:5817,3
DA:5818,3
DA:5819,3
DA:5820,3
DA:5821,3
DA:5822,3
DA:5823,3
DA:5824,3
DA:5825,3
DA:5826,3
DA:5827,3
DA:5828,3
DA:5829,3
DA:5830,3
DA:5831,3
DA:5832,3
DA:5833,3
DA:5834,3
DA:5835,3
DA:5836,3
DA:5837,3
DA:5838,0
DA:5839,0
DA:5840,3
DA:5841,3
DA:5842,3
DA:5843,3
DA:5844,3
DA:5845,3
DA:5846,3
DA:5847,3
DA:5848,3
DA:5849,3
DA:5850,3
DA:5851,3
DA:5852,3
DA:5853,3
DA:5854,3
DA:5855,3
DA:5856,3
DA:5857,3
DA:5858,3
DA:5859,3
DA:5860,3
DA:5861,0
DA:5862,0
DA:5863,3
DA:5864,3
DA:5865,3
DA:5866,3
DA:5867,3
DA:5868,3
DA:5869,3
DA:5870,3
DA:5871,3
DA:5872,3
DA:5873,3
DA:5874,3
DA:5875,3
DA:5876,3
DA:5877,3
DA:5878,3
DA:5879,3
DA:5880,3
DA:5881,3
DA:5882,3
DA:5883,3
DA:5884,3
DA:5885,3
DA:5886,0
DA:5887,0
DA:5888,3
DA:5889,3
DA:5890,3
DA:5891,3
DA:5892,3
DA:5893,3
DA:5894,3
DA:5895,3
DA:5896,3
DA:5897,3
DA:5898,3
DA:5899,3
DA:5900,3
DA:5901,3
DA:5902,3
DA:5903,3
DA:5904,3
DA:5905,3
DA:5906,3
DA:5907,3
DA:5908,3
DA:5909,0
DA:5910,3
DA:5911,3
DA:5912,3
DA:5913,3
DA:5914,3
DA:5915,3
DA:5916,3
DA:5917,3
DA:5918,3
DA:5919,3
DA:5920,3
DA:5921,3
DA:5922,3
DA:5923,3
DA:5924,3
DA:5925,3
DA:5926,3
DA:5927,3
DA:5928,3
DA:5929,3
DA:5930,3
DA:5931,3
DA:5932,3
DA:5933,0
DA:5934,3
DA:5935,3
DA:5936,3
DA:5937,3
DA:5938,3
DA:5939,3
DA:5940,3
DA:5941,3
DA:5942,3
DA:5943,3
DA:5944,3
DA:5945,3
DA:5946,3
DA:5947,3
DA:5948,3
DA:5949,3
DA:5950,3
DA:5951,3
DA:5952,3
DA:5953,3
DA:5954,3
DA:5955,3
DA:5956,3
DA:5957,0
DA:5958,3
DA:5959,3
DA:5960,3
DA:5961,3
DA:5962,3
DA:5963,3
DA:5964,3
DA:5965,3
DA:5966,3
DA:5967,3
DA:5968,3
DA:5969,3
DA:5970,3
DA:5971,3
DA:5972,3
DA:5973,3
DA:5974,3
DA:5975,3
DA:5976,3
DA:5977,3
DA:5978,3
DA:5979,3
DA:5980,3
DA:5981,3
DA:5982,3
DA:5983,3
DA:5984,3
DA:5985,0
DA:5986,0
DA:5987,3
DA:5988,3
DA:5989,3
DA:5990,3
DA:5991,3
DA:5992,3
DA:5993,3
DA:5994,3
DA:5995,3
DA:5996,3
DA:5997,3
DA:5998,3
DA:5999,3
DA:6000,3
DA:6001,3
DA:6002,3
DA:6003,3
DA:6004,3
DA:6005,3
DA:6006,3
DA:6007,3
DA:6008,3
DA:6009,3
DA:6010,0
DA:6011,0
DA:6012,3
DA:6013,3
DA:6014,3
DA:6015,3
DA:6016,3
DA:6017,3
DA:6018,3
DA:6019,3
DA:6020,3
DA:6021,3
DA:6022,3
DA:6023,3
DA:6024,3
DA:6025,3
DA:6026,3
DA:6027,3
DA:6028,3
DA:6029,3
DA:6030,3
DA:6031,3
DA:6032,3
DA:6033,3
DA:6034,3
DA:6035,0
DA:6036,0
DA:6037,3
DA:6038,3
DA:6039,3
DA:6040,3
DA:6041,3
DA:6042,3
DA:6043,3
DA:6044,3
DA:6045,3
DA:6046,3
DA:6047,3
DA:6048,3
DA:6049,3
DA:6050,3
DA:6051,3
DA:6052,3
DA:6053,3
DA:6054,3
DA:6055,3
DA:6056,3
DA:6057,3
DA:6058,3
DA:6059,3
DA:6060,3
DA:6061,3
DA:6062,3
DA:6063,3
DA:6064,0
DA:6065,0
DA:6066,3
DA:6067,3
DA:6068,3
DA:6069,3
DA:6070,3
DA:6071,3
DA:6072,3
DA:6073,3
DA:6074,3
DA:6075,3
DA:6076,3
DA:6077,3
DA:6078,3
DA:6079,3
DA:6080,3
DA:6081,3
DA:6082,3
DA:6083,3
DA:6084,3
DA:6085,3
DA:6086,3
DA:6087,3
DA:6088,3
DA:6089,3
DA:6090,3
DA:6091,0
DA:6092,0
DA:6093,3
DA:6094,3
DA:6095,3
DA:6096,3
DA:6097,3
DA:6098,3
DA:6099,3
DA:6100,3
DA:6101,3
DA:6102,3
DA:6103,3
DA:6104,3
DA:6105,3
DA:6106,3
DA:6107,3
DA:6108,3
DA:6109,3
DA:6110,3
DA:6111,3
DA:6112,3
DA:6113,3
DA:6114,3
DA:6115,3
DA:6116,3
DA:6117,3
DA:6118,0
DA:6119,0
DA:6120,3
DA:6121,3
DA:6122,3
DA:6123,3
DA:6124,3
DA:6125,3
DA:6126,3
DA:6127,3
DA:6128,3
DA:6129,3
DA:6130,3
DA:6131,3
DA:6132,3
DA:6133,3
DA:6134,3
DA:6135,3
DA:6136,3
DA:6137,3
DA:6138,3
DA:6139,3
DA:6140,3
DA:6141,3
DA:6142,3
DA:6143,3
DA:6144,3
DA:6145,0
DA:6146,0
DA:6147,3
DA:6148,3
DA:6149,3
DA:6150,3
DA:6151,3
DA:6152,3
DA:6153,3
DA:6154,3
DA:6155,3
DA:6156,3
DA:6157,3
DA:6158,3
DA:6159,3
DA:6160,3
DA:6161,3
DA:6162,3
DA:6163,3
DA:6164,3
DA:6165,3
DA:6166,3
DA:6167,3
DA:6168,3
DA:6169,3
DA:6170,3
DA:6171,3
DA:6172,0
DA:6173,0
DA:6174,3
DA:6175,3
DA:6176,3
DA:6177,3
DA:6178,3
DA:6179,3
DA:6180,3
DA:6181,3
DA:6182,3
DA:6183,3
DA:6184,3
DA:6185,3
DA:6186,3
DA:6187,3
DA:6188,3
DA:6189,3
DA:6190,3
DA:6191,3
DA:6192,3
DA:6193,3
DA:6194,3
DA:6195,3
DA:6196,3
DA:6197,3
DA:6198,3
DA:6199,3
DA:6200,3
DA:6201,3
DA:6202,3
DA:6203,3
DA:6204,3
DA:6205,3
DA:6206,3
DA:6207,3
DA:6208,0
DA:6209,0
DA:6210,0
DA:6211,0
DA:6212,0
DA:6213,0
DA:6214,0
DA:6215,0
DA:6216,3
DA:6217,3
DA:6218,3
DA:6219,3
DA:6220,3
DA:6221,3
DA:6222,3
DA:6223,3
DA:6224,3
DA:6225,3
DA:6226,3
DA:6227,3
DA:6228,3
DA:6229,3
DA:6230,3
DA:6231,3
DA:6232,3
DA:6233,3
DA:6234,3
DA:6235,3
DA:6236,3
DA:6237,3
DA:6238,3
DA:6239,3
DA:6240,3
DA:6241,3
DA:6242,3
DA:6243,3
DA:6244,3
DA:6245,3
DA:6246,3
DA:6247,3
DA:6248,0
DA:6249,0
DA:6250,0
DA:6251,0
DA:6252,0
DA:6253,0
DA:6254,0
DA:6255,3
DA:6256,3
DA:6257,3
DA:6258,3
DA:6259,3
DA:6260,3
DA:6261,3
DA:6262,3
DA:6263,3
DA:6264,3
DA:6265,3
DA:6266,3
DA:6267,3
DA:6268,3
DA:6269,3
DA:6270,3
DA:6271,3
DA:6272,3
DA:6273,3
DA:6274,3
DA:6275,0
DA:6276,0
DA:6277,0
DA:6278,0
DA:6279,0
DA:6280,0
DA:6281,0
DA:6282,0
DA:6283,0
DA:6284,0
DA:6285,0
DA:6286,0
DA:6287,0
DA:6288,0
DA:6289,0
DA:6290,0
DA:6291,0
DA:6292,0
DA:6293,0
DA:6294,0
DA:6295,0
DA:6296,0
DA:6297,0
DA:6298,0
DA:6299,0
DA:6300,0
DA:6301,0
DA:6302,0
DA:6303,0
DA:6304,0
DA:6305,0
DA:6306,0
DA:6307,0
DA:6308,0
DA:6309,0
DA:6310,0
DA:6311,0
DA:6312,0
DA:6313,0
DA:6314,3
DA:6315,3
DA:6316,3
DA:6317,3
DA:6318,3
DA:6319,3
DA:6320,3
DA:6321,3
DA:6322,3
DA:6323,3
DA:6324,3
DA:6325,3
DA:6326,3
DA:6327,3
DA:6328,3
DA:6329,3
DA:6330,3
DA:6331,3
DA:6332,3
DA:6333,0
DA:6334,3
DA:6335,3
DA:6336,3
DA:6337,3
DA:6338,3
DA:6339,3
DA:6340,3
DA:6341,3
DA:6342,3
DA:6343,3
DA:6344,3
DA:6345,3
DA:6346,3
DA:6347,3
DA:6348,3
DA:6349,3
DA:6350,3
DA:6351,3
DA:6352,3
DA:6353,0
DA:6354,0
DA:6355,3
DA:6356,3
DA:6357,3
DA:6358,3
DA:6359,3
DA:6360,3
DA:6361,3
DA:6362,3
DA:6363,3
DA:6364,3
DA:6365,3
DA:6366,3
DA:6367,3
DA:6368,3
DA:6369,3
DA:6370,3
DA:6371,3
DA:6372,3
DA:6373,3
DA:6374,0
DA:6375,0
DA:6376,3
DA:6377,3
DA:6378,3
DA:6379,3
DA:6380,3
DA:6381,3
DA:6382,3
DA:6383,3
DA:6384,3
DA:6385,3
DA:6386,3
DA:6387,3
DA:6388,3
DA:6389,3
DA:6390,3
DA:6391,3
DA:6392,3
DA:6393,3
DA:6394,3
DA:6395,0
DA:6396,0
DA:6397,3
DA:6398,3
DA:6399,3
DA:6400,3
DA:6401,3
DA:6402,3
DA:6403,3
DA:6404,3
DA:6405,3
DA:6406,3
DA:6407,3
DA:6408,3
DA:6409,3
DA:6410,3
DA:6411,3
DA:6412,3
DA:6413,3
DA:6414,3
DA:6415,3
DA:6416,0
DA:6417,0
DA:6418,3
DA:6419,3
DA:6420,3
DA:6421,3
DA:6422,3
DA:6423,3
DA:6424,3
DA:6425,3
DA:6426,3
DA:6427,3
DA:6428,3
DA:6429,3
DA:6430,3
DA:6431,3
DA:6432,3
DA:6433,3
DA:6434,3
DA:6435,3
DA:6436,3
DA:6437,0
DA:6438,0
DA:6439,3
DA:6440,3
DA:6441,3
DA:6442,3
DA:6443,3
DA:6444,3
DA:6445,3
DA:6446,3
DA:6447,3
DA:6448,3
DA:6449,3
DA:6450,3
DA:6451,3
DA:6452,3
DA:6453,3
DA:6454,3
DA:6455,3
DA:6456,3
DA:6457,3
DA:6458,0
DA:6459,0
DA:6460,3
DA:6461,3
DA:6462,3
DA:6463,3
DA:6464,3
DA:6465,3
DA:6466,3
DA:6467,3
DA:6468,3
DA:6469,3
DA:6470,3
DA:6471,3
DA:6472,3
DA:6473,3
DA:6474,3
DA:6475,3
DA:6476,3
DA:6477,3
DA:6478,3
DA:6479,0
DA:6480,0
DA:6481,3
DA:6482,3
DA:6483,3
DA:6484,3
DA:6485,3
DA:6486,3
DA:6487,3
DA:6488,3
DA:6489,3
DA:6490,3
DA:6491,3
DA:6492,3
DA:6493,3
DA:6494,3
DA:6495,3
DA:6496,3
DA:6497,3
DA:6498,3
DA:6499,3
DA:6500,0
DA:6501,0
DA:6502,3
DA:6503,3
DA:6504,3
DA:6505,3
DA:6506,3
DA:6507,3
DA:6508,3
DA:6509,3
DA:6510,3
DA:6511,3
DA:6512,3
DA:6513,3
DA:6514,3
DA:6515,3
DA:6516,3
DA:6517,3
DA:6518,3
DA:6519,3
DA:6520,3
DA:6521,3
DA:6522,0
DA:6523,0
DA:6524,3
DA:6525,3
DA:6526,3
DA:6527,3
DA:6528,3
DA:6529,3
DA:6530,3
DA:6531,3
DA:6532,3
DA:6533,3
DA:6534,3
DA:6535,3
DA:6536,3
DA:6537,3
DA:6538,3
DA:6539,3
DA:6540,3
DA:6541,3
DA:6542,3
DA:6543,0
DA:6544,0
DA:6545,3
DA:6546,3
DA:6547,3
DA:6548,3
DA:6549,3
DA:6550,3
DA:6551,3
DA:6552,3
DA:6553,3
DA:6554,3
DA:6555,3
DA:6556,3
DA:6557,3
DA:6558,3
DA:6559,3
DA:6560,3
DA:6561,3
DA:6562,3
DA:6563,3
DA:6564,0
DA:6565,0
DA:6566,3
DA:6567,3
DA:6568,3
DA:6569,3
DA:6570,3
DA:6571,3
DA:6572,3
DA:6573,3
DA:6574,3
DA:6575,3
DA:6576,3
DA:6577,3
DA:6578,3
DA:6579,3
DA:6580,3
DA:6581,3
DA:6582,3
DA:6583,3
DA:6584,3
DA:6585,0
DA:6586,0
DA:6587,3
DA:6588,3
DA:6589,3
DA:6590,3
DA:6591,3
DA:6592,3
DA:6593,3
DA:6594,3
DA:6595,3
DA:6596,3
DA:6597,3
DA:6598,3
DA:6599,3
DA:6600,3
DA:6601,3
DA:6602,3
DA:6603,3
DA:6604,3
DA:6605,3
DA:6606,0
DA:6607,0
DA:6608,3
DA:6609,3
DA:6610,3
DA:6611,3
DA:6612,3
DA:6613,3
DA:6614,3
DA:6615,3
DA:6616,3
DA:6617,3
DA:6618,3
DA:6619,3
DA:6620,3
DA:6621,3
DA:6622,3
DA:6623,3
DA:6624,3
DA:6625,3
DA:6626,3
DA:6627,3
DA:6628,0
DA:6629,0
DA:6630,3
DA:6631,3
DA:6632,3
DA:6633,3
DA:6634,3
DA:6635,3
DA:6636,3
DA:6637,3
DA:6638,3
DA:6639,3
DA:6640,3
DA:6641,3
DA:6642,3
DA:6643,3
DA:6644,3
DA:6645,3
DA:6646,3
DA:6647,3
DA:6648,3
DA:6649,3
DA:6650,3
DA:6651,0
DA:6652,0
DA:6653,3
DA:6654,3
DA:6655,3
DA:6656,3
DA:6657,3
DA:6658,3
DA:6659,3
DA:6660,3
DA:6661,3
DA:6662,3
DA:6663,3
DA:6664,3
DA:6665,3
DA:6666,3
DA:6667,3
DA:6668,3
DA:6669,3
DA:6670,3
DA:6671,3
DA:6672,3
DA:6673,0
DA:6674,0
DA:6675,3
DA:6676,3
DA:6677,3
DA:6678,3
DA:6679,3
DA:6680,3
DA:6681,3
DA:6682,3
DA:6683,3
DA:6684,3
DA:6685,3
DA:6686,3
DA:6687,3
DA:6688,3
DA:6689,3
DA:6690,3
DA:6691,3
DA:6692,3
DA:6693,3
DA:6694,3
DA:6695,3
DA:6696,3
DA:6697,0
DA:6698,0
DA:6699,3
DA:6700,3
DA:6701,3
DA:6702,3
DA:6703,3
DA:6704,3
DA:6705,3
DA:6706,3
DA:6707,3
DA:6708,3
DA:6709,3
DA:6710,3
DA:6711,3
DA:6712,3
DA:6713,3
DA:6714,3
DA:6715,3
DA:6716,3
DA:6717,0
DA:6718,3
DA:6719,3
DA:6720,3
DA:6721,3
DA:6722,3
DA:6723,3
DA:6724,3
DA:6725,3
DA:6726,3
DA:6727,3
DA:6728,3
DA:6729,3
DA:6730,3
DA:6731,3
DA:6732,3
DA:6733,3
DA:6734,3
DA:6735,3
DA:6736,3
DA:6737,3
DA:6738,3
DA:6739,0
DA:6740,0
DA:6741,0
DA:6742,0
DA:6743,0
DA:6744,0
DA:6745,3
DA:6746,3
DA:6747,3
DA:6748,3
DA:6749,3
DA:6750,3
DA:6751,3
DA:6752,3
DA:6753,3
DA:6754,3
DA:6755,3
DA:6756,3
DA:6757,3
DA:6758,3
DA:6759,3
DA:6760,3
DA:6761,3
DA:6762,3
DA:6763,3
DA:6764,3
DA:6765,3
DA:6766,3
DA:6767,0
DA:6768,0
DA:6769,0
DA:6770,0
DA:6771,0
DA:6772,0
DA:6773,0
DA:6774,0
DA:6775,0
DA:6776,0
DA:6777,0
DA:6778,3
DA:6779,3
DA:6780,3
DA:6781,3
DA:6782,3
DA:6783,3
DA:6784,3
DA:6785,3
DA:6786,3
[...]
DA:1372,172
DA:1373,172
DA:1374,172
DA:1375,172
DA:1376,172
DA:1377,172
DA:1378,172
DA:1379,172
DA:1380,172
DA:1381,172
DA:1382,172
DA:1383,172
DA:1384,172
DA:1385,172
DA:1386,172
DA:1387,172
DA:1388,172
DA:1389,172
DA:1390,3
DA:1391,3
DA:1392,3
DA:1393,3
DA:1394,3
DA:1395,3
DA:1396,3
DA:1397,3
DA:1398,3
DA:1399,3
DA:1400,3
DA:1401,3
DA:1402,3
DA:1403,3
DA:1404,3
DA:1405,3
DA:1406,3
DA:1407,3
DA:1408,3
DA:1409,3
DA:1410,201
DA:1411,201
DA:1412,201
DA:1413,201
DA:1414,162
DA:1415,201
DA:1416,0
DA:1417,0
DA:1418,0
DA:1419,0
DA:1420,0
DA:1421,201
DA:1422,201
DA:1423,3
DA:1424,3
DA:1425,3
DA:1426,3
DA:1427,3
DA:1428,3
DA:1429,0
DA:1430,0
DA:1431,3
DA:1432,3
DA:1433,3
DA:1434,3
DA:1435,3
DA:1436,3
DA:1437,0
DA:1438,0
DA:1439,3
DA:1440,3
DA:1441,201
DA:1442,0
DA:1443,0
DA:1444,0
DA:1445,0
DA:1446,201
DA:1447,201
DA:1448,112
DA:1449,112
DA:1450,112
DA:1451,112
DA:1452,19
DA:1453,0
DA:1454,0
DA:1455,0
DA:1456,0
DA:1457,0
DA:1458,0
DA:1459,0
DA:1460,0
DA:1461,0
DA:1462,0
DA:1463,19
DA:1464,112
DA:1465,90
DA:1466,90
DA:1467,112
DA:1468,201
DA:1469,84
DA:1470,89
DA:1471,0
DA:1472,0
DA:1473,0
DA:1474,0
DA:1475,0
DA:1476,0
DA:1477,0
DA:1478,0
DA:1479,0
DA:1480,0
DA:1481,0
DA:1482,0
DA:1483,0
DA:1484,0
DA:1485,0
DA:1486,0
DA:1487,5
DA:1488,5
DA:1489,5
DA:1490,0
DA:1491,0
DA:1492,0
DA:1493,201
DA:1494,3
DA:1495,3
DA:1496,233
DA:1497,233
DA:1498,233
DA:1499,233
DA:1500,233
DA:1501,3
DA:1502,3
DA:1503,161
DA:1504,161
DA:1505,161
DA:1506,161
DA:1507,161
DA:1508,161
DA:1509,0
DA:1510,0
DA:1511,0
DA:1512,0
DA:1513,0
DA:1514,0
DA:1515,0
DA:1516,0
DA:1517,0
DA:1518,0
DA:1519,0
DA:1520,0
DA:1521,0
DA:1522,0
DA:1523,0
DA:1524,0
DA:1525,0
DA:1526,0
DA:1527,0
DA:1528,0
DA:1529,0
DA:1530,0
DA:1531,0
DA:1532,161
DA:1533,161
DA:1534,161
DA:1535,161
DA:1536,161
DA:1537,161
DA:1538,161
DA:1539,161
DA:1540,161
DA:1541,161
DA:1542,161
DA:1543,3
DA:1544,3
DA:1545,90
DA:1546,90
DA:1547,90
DA:1548,90
DA:1549,90
DA:1550,3
DA:1551,90
DA:1552,3
DA:1553,3
DA:1554,3
DA:1555,0
DA:1556,0
DA:1557,3
DA:1558,3
DA:1559,3
DA:1560,3
DA:1561,3
DA:1562,3
DA:1563,3
DA:1564,3
DA:1565,3
DA:1566,3
DA:1567,90
DA:1568,87
DA:1569,87
DA:1570,87
DA:1571,87
DA:1572,87
DA:1573,87
DA:1574,87
DA:1575,87
DA:1576,87
DA:1577,87
DA:1578,87
DA:1579,87
DA:1580,87
DA:1581,87
DA:1582,87
DA:1583,87
DA:1584,87
DA:1585,87
DA:1586,87
DA:1587,87
DA:1588,0
DA:1589,0
DA:1590,0
DA:1591,0
DA:1592,0
DA:1593,0
DA:1594,0
DA:1595,0
DA:1596,0
DA:1597,87
DA:1598,90
DA:1599,90
DA:1600,3
DA:1601,3
DA:1602,84
DA:1603,84
DA:1604,84
DA:1605,84
DA:1606,84
DA:1607,84
DA:1608,84
DA:1609,84
DA:1610,84
DA:1611,84
DA:1612,84
DA:1613,0
DA:1614,0
DA:1615,0
DA:1616,0
DA:1617,0
DA:1618,0
DA:1619,84
DA:1620,84
DA:1621,10
DA:1622,10
DA:1623,10
DA:1624,10
DA:1625,10
DA:1626,10
DA:1627,10
DA:1628,10
DA:1629,10
DA:1630,10
DA:1631,84
DA:1632,74
DA:1633,74
DA:1634,74
DA:1635,74
DA:1636,74
DA:1637,74
DA:1638,74
DA:1639,74
DA:1640,74
DA:1641,74
DA:1642,74
DA:1643,74
DA:1644,74
DA:1645,74
DA:1646,74
DA:1647,74
DA:1648,74
DA:1649,74
DA:1650,74
DA:1651,74
DA:1652,74
DA:1653,74
DA:1654,74
DA:1655,74
DA:1656,74
DA:1657,74
DA:1658,84
DA:1659,3
DA:1660,3
DA:1661,3
DA:1662,3
DA:1663,84
DA:1664,84
DA:1665,21
DA:1666,21
DA:1667,84
DA:1668,84
DA:1669,3
DA:1670,3
DA:1671,5
DA:1672,5
DA:1673,5
DA:1674,5
DA:1675,5
DA:1676,5
DA:1677,5
DA:1678,5
DA:1679,5
DA:1680,5
DA:1681,5
DA:1682,4
DA:1683,4
DA:1684,4
DA:1685,5
DA:1686,5
DA:1687,5
DA:1688,5
DA:1689,5
DA:1690,5
DA:1691,5
DA:1692,5
DA:1693,37
DA:1694,36
DA:1695,36
DA:1696,36
DA:1697,36
DA:1698,36
DA:1699,36
DA:1700,36
DA:1701,36
DA:1702,36
DA:1703,36
DA:1704,36
DA:1705,36
DA:1706,37
DA:1707,1
DA:1708,1
DA:1709,1
DA:1710,37
DA:1711,37
DA:1712,37
DA:1713,5
DA:1714,5
DA:1715,1
DA:1716,1
DA:1717,1
DA:1718,1
DA:1719,1
DA:1720,1
DA:1721,1
DA:1722,1
DA:1723,5
DA:1724,3
DA:1725,3
DA:1726,3
DA:1727,3
DA:1728,3
DA:1729,3
DA:1730,3
DA:1731,3
DA:1732,3
DA:1733,3
DA:1734,3
DA:1735,3
DA:1736,3
DA:1737,166
DA:1738,166
DA:1739,166
DA:1740,166
DA:1741,166
DA:1742,40
DA:1743,40
DA:1744,40
DA:1745,40
DA:1746,166
DA:1747,3
DA:1748,3
DA:1749,3
DA:1750,3
DA:1751,3
DA:1752,3
DA:1753,3
DA:1754,3
DA:1755,15
DA:1756,15
DA:1757,15
DA:1758,15
DA:1759,0
DA:1760,0
DA:1761,0
DA:1762,0
DA:1763,0
DA:1764,15
DA:1765,3
DA:1766,3
DA:1767,3
DA:1768,3
DA:1769,3
DA:1770,3
DA:1771,3
DA:1772,3
DA:1773,3
DA:1774,3
DA:1775,3
DA:1776,3
DA:1777,3
DA:1778,3
DA:1779,3
DA:1780,3
DA:1781,3
DA:1782,3
DA:1783,3
DA:1784,3
DA:1785,3
DA:1786,3
DA:1787,3
DA:1788,3
DA:1789,3
DA:1790,3
DA:1791,3
DA:1792,3
DA:1793,3
DA:1794,3
DA:1795,3
DA:1796,3
DA:1797,3
DA:1798,3
DA:1799,3
DA:1800,3
DA:1801,3
DA:1802,3
DA:1803,3
DA:1804,3
DA:1805,3
DA:1806,3
DA:1807,3
DA:1808,3
DA:1809,3
DA:1810,3
DA:1811,3
DA:1812,3
DA:1813,3
DA:1814,3
DA:1815,3
DA:1816,3
DA:1817,3
DA:1818,3
DA:1819,0
DA:1820,0
DA:1821,3
DA:1822,3
DA:1823,3
DA:1824,0
DA:1825,0
DA:1826,3
DA:1827,3
DA:1828,132
DA:1829,132
DA:1830,132
DA:1831,132
DA:1832,132
DA:1833,132
DA:1834,132
DA:1835,132
DA:1836,132
DA:1837,132
DA:1838,132
DA:1839,0
DA:1840,0
DA:1841,132
DA:1842,132
DA:1843,132
DA:1844,132
DA:1845,132
DA:1846,132
DA:1847,132
DA:1848,3
DA:1849,3
DA:1850,3
DA:1851,3
DA:1852,3
DA:1853,3
DA:1854,3
DA:1855,3
DA:1856,3
DA:1857,3
DA:1858,3
DA:1859,3
DA:1860,3
DA:1861,3
DA:1862,3
DA:1863,3
DA:1864,3
DA:1865,3
DA:1866,3
DA:1867,3
DA:1868,3
DA:1869,3
DA:1870,3
DA:1871,3
DA:1872,134
DA:1873,134
DA:1874,134
DA:1875,134
DA:1876,134
DA:1877,134
DA:1878,134
DA:1879,134
DA:1880,134
DA:1881,134
DA:1882,134
DA:1883,134
DA:1884,134
DA:1885,134
DA:1886,134
DA:1887,134
DA:1888,134
DA:1889,121
DA:1890,121
DA:1891,134
DA:1892,0
DA:1893,0
DA:1894,0
DA:1895,0
DA:1896,0
DA:1897,0
DA:1898,0
DA:1899,0
DA:1900,0
DA:1901,0
DA:1902,0
DA:1903,0
DA:1904,0
DA:1905,0
DA:1906,0
DA:1907,0
DA:1908,0
DA:1909,0
DA:1910,0
DA:1911,0
DA:1912,0
DA:1913,0
DA:1914,0
DA:1915,0
DA:1916,134
DA:1917,121
DA:1918,121
DA:1919,134
DA:1920,3
DA:1921,3
DA:1922,3
DA:1923,94
DA:1924,0
DA:1925,94
DA:1926,94
DA:1927,94
DA:1928,84
DA:1929,84
DA:1930,84
DA:1931,84
DA:1932,84
DA:1933,84
DA:1934,94
DA:1935,94
DA:1936,94
DA:1937,94
DA:1938,94
DA:1939,94
DA:1940,94
DA:1941,94
DA:1942,94
DA:1943,94
DA:1944,94
DA:1945,94
DA:1946,94
DA:1947,94
DA:1948,94
DA:1949,94
DA:1950,3
DA:1951,3
DA:1952,3
DA:1953,16
DA:1954,16
DA:1955,16
DA:1956,16
DA:1957,16
DA:1958,20
DA:1959,20
DA:1960,16
DA:1961,16
DA:1962,16
DA:1963,16
DA:1964,16
DA:1965,16
DA:1966,20
DA:1967,20
DA:1968,20
DA:1969,20
DA:1970,20
DA:1971,20
DA:1972,20
DA:1973,20
DA:1974,20
DA:1975,20
DA:1976,20
DA:1977,20
DA:1978,20
DA:1979,16
DA:1980,3
DA:1981,3
DA:1982,6
DA:1983,6
DA:1984,6
DA:1985,6
DA:1986,6
DA:1987,7
DA:1988,7
DA:1989,7
DA:1990,7
DA:1991,7
DA:1992,7
DA:1993,7
DA:1994,7
DA:1995,7
DA:1996,7
DA:1997,7
DA:1998,7
DA:1999,7
DA:2000,6
DA:2001,3
DA:2002,3
DA:2003,3
DA:2004,3
DA:2005,3
DA:2006,3
DA:2007,3
DA:2008,3
DA:2009,3
DA:2010,3
DA:2011,3
DA:2012,3
DA:2013,3
DA:2014,3
DA:2015,3
DA:2016,3
DA:2017,3
DA:2018,3
DA:2019,3
DA:2020,3
DA:2021,26
DA:2022,26
DA:2023,26
DA:2024,26
DA:2025,26
DA:2026,26
DA:2027,26
DA:2028,26
DA:2029,26
DA:2030,0
DA:2031,0
DA:2032,0
DA:2033,0
DA:2034,0
DA:2035,0
DA:2036,26
DA:2037,3
DA:2038,3
DA:2039,3
DA:2040,3
DA:2041,3
DA:2042,43
DA:2043,43
DA:2044,43
DA:2045,43
DA:2046,43
DA:2047,43
DA:2048,0
DA:2049,0
DA:2050,43
DA:2051,43
DA:2052,43
DA:2053,43
DA:2054,43
DA:2055,43
DA:2056,43
DA:2057,43
DA:2058,43
DA:2059,43
DA:2060,43
DA:2061,43
DA:2062,43
DA:2063,43
DA:2064,43
DA:2065,43
DA:2066,43
DA:2067,43
DA:2068,43
DA:2069,43
DA:2070,43
DA:2071,43
DA:2072,43
DA:2073,43
DA:2074,43
DA:2075,43
DA:2076,43
DA:2077,43
DA:2078,43
DA:2079,43
DA:2080,43
DA:2081,0
DA:2082,0
DA:2083,0
DA:2084,0
DA:2085,0
DA:2086,0
DA:2087,43
DA:2088,26
DA:2089,26
DA:2090,26
DA:2091,26
DA:2092,26
DA:2093,26
DA:2094,26
DA:2095,26
DA:2096,26
DA:2097,43
DA:2098,43
DA:2099,3
DA:2100,3
DA:2101,0
DA:2102,0
DA:2103,0
DA:2104,0
DA:2105,0
DA:2106,0
DA:2107,3
DA:2108,3
DA:2109,3
DA:2110,3
DA:2111,3
DA:2112,3
DA:2113,3
DA:2114,3
DA:2115,3
DA:2116,3
DA:2117,3
DA:2118,3
DA:2119,3
DA:2120,3
DA:2121,3
DA:2122,3
DA:2123,3
DA:2124,3
DA:2125,3
DA:2126,3
DA:2127,3
DA:2128,0
DA:2129,0
DA:2130,0
DA:2131,0
DA:2132,0
DA:2133,0
DA:2134,0
DA:2135,3
DA:2136,3
DA:2137,3
DA:2138,0
DA:2139,0
DA:2140,3
DA:2141,3
DA:2142,0
DA:2143,0
DA:2144,0
DA:2145,0
DA:2146,0
DA:2147,0
DA:2148,0
DA:2149,0
DA:2150,0
DA:2151,3
DA:2152,3
DA:2153,3
DA:2154,3
DA:2155,3
DA:2156,3
DA:2157,3
DA:2158,3
DA:2159,3
DA:2160,3
DA:2161,3
DA:2162,3
DA:2163,3
DA:2164,3
DA:2165,3
DA:2166,3
DA:2167,3
DA:2168,3
DA:2169,3
DA:2170,3
DA:2171,3
DA:2172,3
DA:2173,3
DA:2174,3
DA:2175,3
DA:2176,3
DA:2177,3
DA:2178,3
DA:2179,3
DA:2180,3
DA:2181,3
DA:2182,3
DA:2183,3
DA:2184,3
DA:2185,3
DA:2186,3
DA:2187,3
DA:2188,3
DA:2189,3
DA:2190,3
DA:2191,3
DA:2192,3
DA:2193,0
DA:2194,0
DA:2195,3
DA:2196,3
DA:2197,3
DA:2198,3
DA:2199,3
DA:2200,0
DA:2201,0
DA:2202,0
DA:2203,0
DA:2204,0
DA:2205,0
DA:2206,3
DA:2207,3
DA:2208,3
DA:2209,3
DA:2210,3
DA:2211,3
DA:2212,3
DA:2213,3
DA:2214,3
DA:2215,3
DA:2216,3
DA:2217,3
DA:2218,3
DA:2219,3
DA:2220,3
DA:2221,3
DA:2222,3
DA:2223,3
DA:2224,3
DA:2225,3
DA:2226,3
DA:2227,3
DA:2228,3
DA:2229,3
DA:2230,3
DA:2231,3
DA:2232,3
DA:2233,39
DA:2234,39
DA:2235,39
DA:2236,39
DA:2237,39
DA:2238,0
DA:2239,0
DA:2240,0
DA:2241,0
DA:2242,0
DA:2243,0
DA:2244,39
DA:2245,39
DA:2246,39
DA:2247,39
DA:2248,39
DA:2249,39
DA:2250,39
DA:2251,39
DA:2252,39
DA:2253,39
DA:2254,39
DA:2255,39
DA:2256,39
DA:2257,39
DA:2258,39
DA:2259,30
DA:2260,30
DA:2261,30
DA:2262,30
DA:2263,30
DA:2264,30
DA:2265,30
DA:2266,30
DA:2267,30
DA:2268,30
DA:2269,39
DA:2270,39
DA:2271,39
DA:2272,39
DA:2273,39
DA:2274,39
DA:2275,39
DA:2276,39
DA:2277,39
DA:2278,39
DA:2279,39
DA:2280,39
DA:2281,3
DA:2282,3
DA:2283,3
DA:2284,3
DA:2285,3
DA:2286,3
DA:2287,3
DA:2288,3
DA:2289,3
LF:2289
LH:1925
BRDA:208,0,0,0
BRDA:218,1,0,0
BRDA:239,2,0,0
BRDA:239,3,0,0
BRDA:240,4,0,0
BRDA:257,5,0,0
BRDA:350,6,0,0
BRDA:350,7,0,0
BRDA:2192,8,0,0
BRDA:2194,9,0,0
BRDA:2199,10,0,0
BRDA:197,11,0,974
BRDA:202,12,0,0
BRDA:221,13,0,3
BRDA:223,14,0,0
BRDA:225,15,0,0
BRDA:242,16,0,1017
BRDA:256,17,0,21
BRDA:300,18,0,204
BRDA:301,19,0,187
BRDA:328,20,0,87
BRDA:359,21,0,102
BRDA:363,22,0,716
BRDA:364,23,0,538
BRDA:545,24,0,9
BRDA:546,25,0,84
BRDA:550,26,0,0
BRDA:562,27,0,0
BRDA:550,28,0,386
BRDA:561,29,0,302
BRDA:561,30,0,302
BRDA:739,31,0,21
BRDA:748,32,0,0
BRDA:768,33,0,0
BRDA:784,34,0,21
BRDA:800,35,0,0
BRDA:800,36,0,0
BRDA:811,37,0,22
BRDA:825,38,0,106
BRDA:829,39,0,4
BRDA:831,40,0,102
BRDA:833,41,0,29
BRDA:834,42,0,0
BRDA:836,43,0,0
BRDA:840,44,0,0
BRDA:846,45,0,0
BRDA:855,46,0,73
BRDA:855,47,0,54
BRDA:856,48,0,27
BRDA:863,49,0,27
BRDA:863,50,0,0
BRDA:870,51,0,7
BRDA:871,52,0,20
BRDA:873,53,0,0
BRDA:876,54,0,19
BRDA:877,55,0,0
BRDA:881,56,0,0
BRDA:896,57,0,13
BRDA:897,58,0,6
BRDA:898,59,0,6
BRDA:918,60,0,7
BRDA:918,61,0,0
BRDA:920,62,0,9
BRDA:921,63,0,13
BRDA:928,64,0,0
BRDA:934,65,0,0
BRDA:935,66,0,0
BRDA:935,67,0,0
BRDA:949,68,0,21
BRDA:966,69,0,0
BRDA:972,70,0,46
BRDA:972,71,0,31
BRDA:973,72,0,22
BRDA:981,73,0,0
BRDA:983,74,0,0
BRDA:996,75,0,15
BRDA:997,76,0,38
BRDA:998,77,0,13
BRDA:1009,78,0,3
BRDA:1010,79,0,10
BRDA:1011,80,0,1
BRDA:1012,81,0,9
BRDA:1013,82,0,5
BRDA:1014,83,0,4
BRDA:1018,84,0,25
BRDA:1018,85,0,25
BRDA:1029,86,0,0
BRDA:1056,87,0,9
BRDA:1060,88,0,0
BRDA:1081,89,0,0
BRDA:1110,90,0,21
BRDA:1130,91,0,378
BRDA:1138,92,0,0
BRDA:1142,93,0,177
BRDA:1143,94,0,0
BRDA:1143,95,0,201
BRDA:1145,96,0,246
BRDA:1149,97,0,0
BRDA:1149,98,0,0
BRDA:1165,99,0,0
BRDA:1190,100,0,74
BRDA:1207,101,0,74
BRDA:1212,102,0,0
BRDA:1220,103,0,468
BRDA:1221,104,0,238
BRDA:1223,105,0,106
BRDA:1230,106,0,132
BRDA:1238,107,0,0
BRDA:1244,108,0,59
BRDA:1244,109,0,409
BRDA:1244,110,0,404
BRDA:1256,111,0,84
BRDA:1258,112,0,302
BRDA:1269,113,0,0
BRDA:1371,114,0,172
BRDA:1384,115,0,0
BRDA:1384,116,0,15
BRDA:1409,117,0,201
BRDA:1413,118,0,162
BRDA:1414,119,0,0
BRDA:1415,120,0,0
BRDA:1440,121,0,201
BRDA:1441,122,0,0
BRDA:1447,123,0,112
BRDA:1451,124,0,19
BRDA:1452,125,0,0
BRDA:1464,126,0,93
BRDA:1468,127,0,89
BRDA:1470,128,0,5
BRDA:1495,129,0,233
BRDA:1502,130,0,161
BRDA:1508,131,0,0
BRDA:1544,132,0,90
BRDA:1549,133,0,3
BRDA:1551,134,0,3
BRDA:1587,135,0,0
BRDA:1601,136,0,84
BRDA:1612,137,0,0
BRDA:1620,138,0,0
BRDA:1620,139,0,10
BRDA:1631,140,0,74
BRDA:1662,141,0,84
BRDA:1664,142,0,21
BRDA:1736,143,0,166
BRDA:1740,144,0,0
BRDA:1741,145,0,91
BRDA:1741,146,0,40
BRDA:1754,147,0,15
BRDA:1757,148,0,0
BRDA:1758,149,0,0
BRDA:1827,150,0,132
BRDA:1838,151,0,0
BRDA:1871,152,0,134
BRDA:1887,153,0,121
BRDA:1888,154,0,121
BRDA:1891,155,0,0
BRDA:1916,156,0,121
BRDA:1916,157,0,121
BRDA:1922,158,0,94
BRDA:1923,159,0,0
BRDA:1927,160,0,84
BRDA:1934,161,0,0
BRDA:1946,162,0,0
BRDA:1953,163,0,16
BRDA:1957,164,0,20
BRDA:1959,165,0,16
BRDA:1977,166,0,0
BRDA:1982,167,0,6
BRDA:1986,168,0,7
BRDA:1992,169,0,6
BRDA:1997,170,0,6
BRDA:2020,171,0,26
BRDA:2029,172,0,0
BRDA:2041,173,0,43
BRDA:2046,174,0,0
BRDA:2047,175,0,0
BRDA:2055,176,0,0
BRDA:2067,177,0,17
BRDA:2080,178,0,0
BRDA:2087,179,0,26
BRDA:2232,180,0,39
BRDA:2237,181,0,0
BRDA:2244,182,0,0
BRDA:2245,183,0,15
BRDA:2245,184,0,24
BRDA:2258,185,0,30
BRDA:2259,186,0,15
BRDA:2259,187,0,15
BRDA:2266,188,0,15
BRDA:366,189,0,5
BRDA:369,190,0,0
BRDA:1464,191,0,90
BRDA:1464,192,0,91
BRDA:1468,193,0,84
BRDA:1470,194,0,0
BRDA:1489,195,0,0
BRDA:1670,196,0,5
BRDA:1681,197,0,4
BRDA:1692,198,0,37
BRDA:1693,199,0,36
BRDA:1706,200,0,1
BRDA:1714,201,0,1
BRDA:1223,202,0,228
BRDA:1554,203,0,0
BRDA:1567,204,0,87
BRF:205
BRH:129
end_of_record
TN:
SF:node_modules\lit-html\src\static.ts
FN:47,unwrapStaticValue
FN:115,withStatic
FNF:2
FNH:1
FNDA:0,unwrapStaticValue
FNDA:9,withStatic
DA:1,3
DA:2,3
DA:3,3
DA:4,3
DA:5,3
DA:6,3
DA:7,3
DA:8,3
DA:9,3
DA:10,3
DA:11,3
DA:12,3
DA:13,3
DA:14,3
DA:15,3
DA:16,3
DA:17,3
DA:18,3
DA:19,3
DA:20,3
DA:21,3
DA:22,3
DA:23,3
DA:24,3
DA:25,3
DA:26,3
DA:27,3
DA:28,3
DA:29,3
DA:30,3
DA:31,3
DA:32,3
DA:33,3
DA:34,3
DA:35,3
DA:36,3
DA:37,3
DA:38,3
DA:39,3
DA:40,3
DA:41,3
DA:42,3
DA:43,3
DA:44,3
DA:45,3
DA:46,3
DA:47,3
DA:48,0
DA:49,0
DA:50,0
DA:51,0
DA:52,0
DA:53,3
DA:54,3
DA:55,3
DA:56,3
DA:57,3
DA:58,3
DA:59,3
DA:60,3
DA:61,3
DA:62,3
DA:63,3
DA:64,3
DA:65,3
DA:66,3
DA:67,3
DA:68,3
DA:69,3
DA:70,3
DA:71,3
DA:72,3
DA:73,3
DA:74,3
DA:75,3
DA:76,3
DA:77,3
DA:78,3
DA:79,3
DA:80,3
DA:81,3
DA:82,3
DA:83,3
DA:84,3
DA:85,3
DA:86,3
DA:87,3
DA:88,3
DA:89,3
DA:90,3
DA:91,3
DA:92,3
DA:93,3
DA:94,3
DA:95,3
DA:96,3
DA:97,3
DA:98,3
DA:99,3
DA:100,3
DA:101,3
DA:102,3
DA:103,3
DA:104,3
DA:105,3
DA:106,3
DA:107,3
DA:108,3
DA:109,3
DA:110,3
DA:111,3
DA:112,3
DA:113,3
DA:114,3
DA:115,3
DA:116,9
DA:117,0
DA:118,0
DA:119,0
DA:120,0
DA:121,0
DA:122,0
DA:123,0
DA:124,0
DA:125,0
DA:126,0
DA:127,0
DA:128,0
DA:129,0
DA:130,0
DA:131,0
DA:132,0
DA:133,0
DA:134,0
DA:135,0
DA:136,0
DA:137,0
DA:138,0
DA:139,0
DA:140,0
DA:141,0
DA:142,0
DA:143,0
DA:144,0
DA:145,0
DA:146,0
DA:147,0
DA:148,0
DA:149,0
DA:150,0
DA:151,0
DA:152,0
DA:153,0
DA:154,0
DA:155,0
DA:156,0
DA:157,0
DA:158,0
DA:159,0
DA:160,0
DA:161,0
DA:162,0
DA:163,0
DA:164,0
DA:165,0
DA:166,0
DA:167,0
DA:168,0
DA:169,0
DA:170,3
DA:171,3
DA:172,3
DA:173,3
DA:174,3
DA:175,3
DA:176,3
DA:177,3
DA:178,3
DA:179,3
DA:180,3
DA:181,3
DA:182,3
DA:183,3
DA:184,3
DA:185,3
DA:186,3
DA:187,3
DA:188,3
DA:189,3
DA:190,3
DA:191,3
DA:192,3
DA:193,3
LF:193
LH:135
BRDA:115,0,0,9
BRF:1
BRH:1
end_of_record
TN:
SF:node_modules\lit-html\src\directives\map.ts
FN:24,map
FNF:1
FNH:1
FNDA:5,map
DA:1,1
DA:2,1
DA:3,1
DA:4,1
DA:5,1
DA:6,1
DA:7,1
DA:8,1
DA:9,1
DA:10,1
DA:11,1
DA:12,1
DA:13,1
DA:14,1
DA:15,1
DA:16,1
DA:17,1
DA:18,1
DA:19,1
DA:20,1
DA:21,1
DA:22,1
DA:23,1
DA:24,5
LF:24
LH:24
BRDA:24,0,0,5
BRF:1
BRH:1
end_of_record
TN:
SF:node_modules\lit-html\src\directives\unsafe-html.ts
FN:19,UnsafeHTMLDirective
FN:30,render
FNF:2
FNH:0
FNDA:0,UnsafeHTMLDirective
FNDA:0,render
DA:1,3
DA:2,3
DA:3,3
DA:4,3
DA:5,3
DA:6,3
DA:7,3
DA:8,3
DA:9,3
DA:10,3
DA:11,3
DA:12,3
DA:13,3
DA:14,3
DA:15,3
DA:16,3
DA:17,3
DA:18,3
DA:19,3
DA:20,0
DA:21,0
DA:22,0
DA:23,0
DA:24,0
DA:25,0
DA:26,0
DA:27,0
DA:28,0
DA:29,3
DA:30,3
DA:31,0
DA:32,0
DA:33,0
DA:34,0
DA:35,0
DA:36,0
DA:37,0
DA:38,0
DA:39,0
DA:40,0
DA:41,0
DA:42,0
DA:43,0
DA:44,0
DA:45,0
DA:46,0
DA:47,0
DA:48,0
DA:49,0
DA:50,0
DA:51,0
DA:52,0
DA:53,0
DA:54,0
DA:55,0
DA:56,0
DA:57,0
DA:58,0
DA:59,0
DA:60,0
DA:61,0
DA:62,0
DA:63,0
DA:64,3
DA:65,3
DA:66,3
DA:67,3
DA:68,3
DA:69,3
DA:70,3
DA:71,3
DA:72,3
DA:73,3
DA:74,3
DA:75,3
DA:76,3
LF:76
LH:34
BRF:0
BRH:0
end_of_record
TN:
SF:src\app-ejercicio1.ts
FN:6,ejercicio1
FN:23,increment
FN:27,decrement
FN:31,render
FNF:4
FNH:4
FNDA:5,ejercicio1
FNDA:1,increment
FNDA:1,decrement
FNDA:8,render
DA:1,1
DA:2,1
DA:3,1
DA:4,1
DA:5,1
DA:6,1
DA:7,5
DA:8,5
DA:9,5
DA:10,5
DA:11,5
DA:12,5
DA:13,5
DA:14,5
DA:15,5
DA:16,5
DA:17,5
DA:18,5
DA:19,5
DA:20,5
DA:21,5
DA:22,1
DA:23,1
DA:24,1
DA:25,1
DA:26,1
DA:27,1
DA:28,1
DA:29,1
DA:30,1
DA:31,1
DA:32,8
DA:33,8
DA:34,8
DA:35,8
DA:36,8
DA:37,8
DA:38,8
DA:39,8
DA:40,8
DA:41,8
DA:42,1
LF:42
LH:42
BRDA:6,0,0,5
BRDA:23,1,0,1
BRDA:27,2,0,1
BRDA:31,3,0,8
BRF:4
BRH:4
end_of_record
TN:
SF:src\app-ejercicio2.ts
FN:5,Ejercicio2
FN:40,validarCampos
FN:65,InputCorreo
FN:70,InputContraseña
FN:75,render
FNF:5
FNH:3
FNDA:6,Ejercicio2
FNDA:5,validarCampos
FNDA:0,InputCorreo
FNDA:0,InputContraseña
FNDA:11,render
DA:1,1
DA:2,1
DA:3,1
DA:4,1
DA:5,1
DA:6,6
DA:7,6
DA:8,6
DA:9,6
DA:10,6
DA:11,1
DA:12,1
DA:13,1
DA:14,1
DA:15,1
DA:16,1
DA:17,1
DA:18,1
DA:19,1
DA:20,1
DA:21,1
DA:22,1
DA:23,1
DA:24,1
DA:25,1
DA:26,1
DA:27,1
DA:28,1
DA:29,1
DA:30,1
DA:31,1
DA:32,1
DA:33,1
DA:34,1
DA:35,1
DA:36,1
DA:37,1
DA:38,1
DA:39,1
DA:40,1
DA:41,5
DA:42,3
DA:43,5
DA:44,2
DA:45,2
DA:46,1
DA:47,1
DA:48,1
DA:49,1
DA:50,2
DA:51,5
DA:52,5
DA:53,4
DA:54,5
DA:55,1
DA:56,1
DA:57,5
DA:58,5
DA:59,5
DA:60,1
DA:61,1
DA:62,1
DA:63,5
DA:64,1
DA:65,1
DA:66,0
DA:67,0
DA:68,0
DA:69,1
DA:70,1
DA:71,0
DA:72,0
DA:73,0
DA:74,1
DA:75,1
DA:76,11
DA:77,11
DA:78,11
DA:79,11
DA:80,11
DA:81,11
DA:82,11
DA:83,11
DA:84,11
DA:85,11
DA:86,11
DA:87,11
DA:88,11
DA:89,11
DA:90,11
DA:91,11
DA:92,11
DA:93,11
DA:94,11
DA:95,11
DA:96,11
DA:97,11
DA:98,11
DA:99,11
DA:100,4
DA:101,7
DA:102,1
DA:103,11
DA:104,11
DA:105,11
DA:106,4
DA:107,11
DA:108,11
DA:109,11
DA:110,11
DA:111,11
DA:112,11
DA:113,11
DA:114,11
DA:115,1
LF:115
LH:109
BRDA:5,0,0,6
BRDA:40,1,0,5
BRDA:41,2,0,3
BRDA:43,3,0,2
BRDA:45,4,0,1
BRDA:52,5,0,4
BRDA:54,6,0,1
BRDA:59,7,0,1
BRDA:60,8,0,1
BRDA:61,9,0,1
BRDA:75,10,0,11
BRDA:87,11,0,4
BRDA:88,12,0,7
BRDA:88,13,0,1
BRDA:88,14,0,7
BRDA:89,15,0,6
BRDA:91,16,0,4
BRDA:91,17,0,7
BRDA:99,18,0,4
BRDA:100,19,0,7
BRDA:101,20,0,1
BRDA:101,21,0,1
BRDA:102,22,0,6
BRDA:105,23,0,4
BRDA:106,24,0,7
BRF:25
BRH:25
end_of_record
TN:
SF:src\ejercicio-04.ts
FN:7,ejercicio04
FN:102,_filtrar
FN:112,render
FN:142,_onSearch
FNF:4
FNH:3
FNDA:4,ejercicio04
FNDA:8,_filtrar
FNDA:5,render
FNDA:0,_onSearch
DA:1,1
DA:2,1
DA:3,1
DA:4,1
DA:5,1
DA:6,1
DA:7,1
DA:8,4
DA:9,4
DA:10,4
DA:11,4
DA:12,4
DA:13,4
DA:14,4
DA:15,4
DA:16,4
DA:17,4
DA:18,4
DA:19,4
DA:20,4
DA:21,4
DA:22,4
DA:23,4
DA:24,4
DA:25,4
DA:26,4
DA:27,4
DA:28,4
DA:29,4
DA:30,4
DA:31,4
DA:32,4
DA:33,4
DA:34,4
DA:35,4
DA:36,4
DA:37,4
DA:38,4
DA:39,4
DA:40,4
DA:41,4
DA:42,4
DA:43,4
DA:44,4
DA:45,4
DA:46,4
DA:47,4
DA:48,4
DA:49,4
DA:50,4
DA:51,4
DA:52,4
DA:53,4
DA:54,4
DA:55,4
DA:56,4
DA:57,4
DA:58,4
DA:59,4
DA:60,4
DA:61,4
DA:62,4
DA:63,4
DA:64,4
DA:65,4
DA:66,4
DA:67,4
DA:68,4
DA:69,4
DA:70,4
DA:71,4
DA:72,4
DA:73,4
DA:74,4
DA:75,4
DA:76,4
DA:77,4
DA:78,4
DA:79,4
DA:80,4
DA:81,4
DA:82,4
DA:83,4
DA:84,4
DA:85,4
DA:86,4
DA:87,4
DA:88,4
DA:89,4
DA:90,4
DA:91,4
DA:92,4
DA:93,4
DA:94,4
DA:95,4
DA:96,4
DA:97,4
DA:98,4
DA:99,4
DA:100,4
DA:101,1
DA:102,1
DA:103,8
DA:104,6
DA:105,6
DA:106,2
DA:107,2
DA:108,2
DA:109,2
DA:110,8
DA:111,1
DA:112,1
DA:113,5
DA:114,5
DA:115,5
DA:116,5
DA:117,5
DA:118,5
DA:119,5
DA:120,5
DA:121,5
DA:122,5
DA:123,5
DA:124,5
DA:125,5
DA:126,5
DA:127,37
DA:128,37
DA:129,37
DA:130,37
DA:131,37
DA:132,37
DA:133,5
DA:134,5
DA:135,5
DA:136,5
DA:137,5
DA:138,5
DA:139,5
DA:140,5
DA:141,1
DA:142,1
DA:143,0
DA:144,0
DA:145,1
LF:145
LH:143
BRDA:7,0,0,4
BRDA:102,1,0,8
BRDA:103,2,0,6
BRDA:105,3,0,2
BRDA:108,4,0,18
BRDA:112,5,0,5
BRDA:126,6,0,37
BRF:7
BRH:7
end_of_record
